<?xml version="1.0" encoding="UTF-8" standalone="yes"?><!DOCTYPE report PUBLIC "-//JACOCO//DTD Report 1.1//EN" "report.dtd"><report name="debug"><sessioninfo id="unknownhost-a2095e3a" start="1670581782971" dump="1670581820956"/><package name="nl/asymmetrics/droidshows/utils"><class name="nl/asymmetrics/droidshows/utils/SwipeDetect" sourcefilename="SwipeDetect.java"><method name="&lt;init&gt;" desc="()V" line="9"><counter type="INSTRUCTION" missed="0" covered="6"/><counter type="LINE" missed="0" covered="2"/><counter type="COMPLEXITY" missed="0" covered="1"/><counter type="METHOD" missed="0" covered="1"/></method><method name="onTouch" desc="(Landroid/view/View;Landroid/view/MotionEvent;)Z" line="14"><counter type="INSTRUCTION" missed="82" covered="23"/><counter type="BRANCH" missed="23" covered="2"/><counter type="LINE" missed="17" covered="7"/><counter type="COMPLEXITY" missed="12" covered="2"/><counter type="METHOD" missed="0" covered="1"/></method><counter type="INSTRUCTION" missed="82" covered="29"/><counter type="BRANCH" missed="23" covered="2"/><counter type="LINE" missed="17" covered="9"/><counter type="COMPLEXITY" missed="12" covered="3"/><counter type="METHOD" missed="0" covered="2"/><counter type="CLASS" missed="0" covered="1"/></class><class name="nl/asymmetrics/droidshows/utils/SQLiteStore$NextEpisode" sourcefilename="SQLiteStore.java"><method name="&lt;init&gt;" desc="(Lnl/asymmetrics/droidshows/utils/SQLiteStore;Ljava/lang/String;IILjava/lang/String;)V" line="1189"><counter type="INSTRUCTION" missed="3" covered="38"/><counter type="BRANCH" missed="2" covered="2"/><counter type="LINE" missed="0" covered="10"/><counter type="COMPLEXITY" missed="2" covered="1"/><counter type="METHOD" missed="0" covered="1"/></method><counter type="INSTRUCTION" missed="3" covered="38"/><counter type="BRANCH" missed="2" covered="2"/><counter type="LINE" missed="0" covered="10"/><counter type="COMPLEXITY" missed="2" covered="1"/><counter type="METHOD" missed="0" covered="1"/><counter type="CLASS" missed="0" covered="1"/></class><class name="nl/asymmetrics/droidshows/utils/SQLiteStore$EpisodeRow" sourcefilename="SQLiteStore.java"><method name="&lt;init&gt;" desc="(Lnl/asymmetrics/droidshows/utils/SQLiteStore;Ljava/lang/String;Ljava/lang/String;Ljava/lang/String;Ljava/util/Date;J)V" line="1175"><counter type="INSTRUCTION" missed="0" covered="21"/><counter type="LINE" missed="0" covered="7"/><counter type="COMPLEXITY" missed="0" covered="1"/><counter type="METHOD" missed="0" covered="1"/></method><counter type="INSTRUCTION" missed="0" covered="21"/><counter type="LINE" missed="0" covered="7"/><counter type="COMPLEXITY" missed="0" covered="1"/><counter type="METHOD" missed="0" covered="1"/><counter type="CLASS" missed="0" covered="1"/></class><class name="nl/asymmetrics/droidshows/utils/Utils" sourcefilename="Utils.java"><method name="&lt;init&gt;" desc="()V" line="9"><counter type="INSTRUCTION" missed="0" covered="3"/><counter type="LINE" missed="0" covered="1"/><counter type="COMPLEXITY" missed="0" covered="1"/><counter type="METHOD" missed="0" covered="1"/></method><method name="isNetworkAvailable" desc="(Landroid/app/Activity;)Z" line="12"><counter type="INSTRUCTION" missed="4" covered="31"/><counter type="BRANCH" missed="3" covered="5"/><counter type="LINE" missed="2" covered="8"/><counter type="COMPLEXITY" missed="3" covered="2"/><counter type="METHOD" missed="0" covered="1"/></method><counter type="INSTRUCTION" missed="4" covered="34"/><counter type="BRANCH" missed="3" covered="5"/><counter type="LINE" missed="2" covered="9"/><counter type="COMPLEXITY" missed="3" covered="3"/><counter type="METHOD" missed="0" covered="2"/><counter type="CLASS" missed="0" covered="1"/></class><class name="nl/asymmetrics/droidshows/utils/SQLiteStore$EpisodeSeen" sourcefilename="SQLiteStore.java"><method name="&lt;init&gt;" desc="(Lnl/asymmetrics/droidshows/utils/SQLiteStore;Ljava/lang/String;J)V" line="1162"><counter type="INSTRUCTION" missed="12" covered="0"/><counter type="LINE" missed="4" covered="0"/><counter type="COMPLEXITY" missed="1" covered="0"/><counter type="METHOD" missed="1" covered="0"/></method><counter type="INSTRUCTION" missed="12" covered="0"/><counter type="LINE" missed="4" covered="0"/><counter type="COMPLEXITY" missed="1" covered="0"/><counter type="METHOD" missed="1" covered="0"/><counter type="CLASS" missed="1" covered="0"/></class><class name="nl/asymmetrics/droidshows/utils/Update" sourcefilename="Update.java"><method name="&lt;init&gt;" desc="(Lnl/asymmetrics/droidshows/utils/SQLiteStore;)V" line="10"><counter type="INSTRUCTION" missed="0" covered="9"/><counter type="LINE" missed="0" covered="4"/><counter type="COMPLEXITY" missed="0" covered="1"/><counter type="METHOD" missed="0" covered="1"/></method><method name="needsUpdate" desc="()Z" line="17"><counter type="INSTRUCTION" missed="2" covered="8"/><counter type="BRANCH" missed="1" covered="1"/><counter type="LINE" missed="0" covered="1"/><counter type="COMPLEXITY" missed="1" covered="1"/><counter type="METHOD" missed="0" covered="1"/></method><method name="updateDroidShows" desc="()Z" line="21"><counter type="INSTRUCTION" missed="55" covered="0"/><counter type="BRANCH" missed="12" covered="0"/><counter type="LINE" missed="16" covered="0"/><counter type="COMPLEXITY" missed="7" covered="0"/><counter type="METHOD" missed="1" covered="0"/></method><method name="getVersion" desc="()Ljava/lang/String;" line="45"><counter type="INSTRUCTION" missed="20" covered="29"/><counter type="BRANCH" missed="2" covered="2"/><counter type="LINE" missed="7" covered="6"/><counter type="COMPLEXITY" missed="2" covered="1"/><counter type="METHOD" missed="0" covered="1"/></method><method name="u0156To0157" desc="()Z" line="63"><counter type="INSTRUCTION" missed="25" covered="0"/><counter type="LINE" missed="8" covered="0"/><counter type="COMPLEXITY" missed="1" covered="0"/><counter type="METHOD" missed="1" covered="0"/></method><method name="u0157To0157G" desc="()Z" line="76"><counter type="INSTRUCTION" missed="45" covered="0"/><counter type="LINE" missed="12" covered="0"/><counter type="COMPLEXITY" missed="1" covered="0"/><counter type="METHOD" missed="1" covered="0"/></method><method name="u0157GTo0157G2" desc="()Z" line="93"><counter type="INSTRUCTION" missed="25" covered="0"/><counter type="LINE" missed="8" covered="0"/><counter type="COMPLEXITY" missed="1" covered="0"/><counter type="METHOD" missed="1" covered="0"/></method><method name="u0157GTo0157G3" desc="()Z" line="106"><counter type="INSTRUCTION" missed="26" covered="0"/><counter type="BRANCH" missed="2" covered="0"/><counter type="LINE" missed="8" covered="0"/><counter type="COMPLEXITY" missed="2" covered="0"/><counter type="METHOD" missed="1" covered="0"/></method><method name="u0157GTo0157G4" desc="()Z" line="119"><counter type="INSTRUCTION" missed="25" covered="0"/><counter type="LINE" missed="8" covered="0"/><counter type="COMPLEXITY" missed="1" covered="0"/><counter type="METHOD" missed="1" covered="0"/></method><counter type="INSTRUCTION" missed="223" covered="46"/><counter type="BRANCH" missed="17" covered="3"/><counter type="LINE" missed="67" covered="11"/><counter type="COMPLEXITY" missed="16" covered="3"/><counter type="METHOD" missed="6" covered="3"/><counter type="CLASS" missed="0" covered="1"/></class><class name="nl/asymmetrics/droidshows/utils/SQLiteStore" sourcefilename="SQLiteStore.java"><method name="getInstance" desc="(Landroid/content/Context;)Lnl/asymmetrics/droidshows/utils/SQLiteStore;" line="41"><counter type="INSTRUCTION" missed="0" covered="10"/><counter type="BRANCH" missed="0" covered="2"/><counter type="LINE" missed="0" covered="3"/><counter type="COMPLEXITY" missed="0" covered="2"/><counter type="METHOD" missed="0" covered="1"/></method><method name="&lt;init&gt;" desc="(Landroid/content/Context;)V" line="47"><counter type="INSTRUCTION" missed="20" covered="21"/><counter type="LINE" missed="10" covered="5"/><counter type="COMPLEXITY" missed="0" covered="1"/><counter type="METHOD" missed="0" covered="1"/></method><method name="createDataBase" desc="()V" line="67"><counter type="INSTRUCTION" missed="9" covered="0"/><counter type="BRANCH" missed="2" covered="0"/><counter type="LINE" missed="4" covered="0"/><counter type="COMPLEXITY" missed="2" covered="0"/><counter type="METHOD" missed="1" covered="0"/></method><method name="checkDataBase" desc="()Z" line="74"><counter type="INSTRUCTION" missed="32" covered="0"/><counter type="BRANCH" missed="4" covered="0"/><counter type="LINE" missed="9" covered="0"/><counter type="COMPLEXITY" missed="3" covered="0"/><counter type="METHOD" missed="1" covered="0"/></method><method name="openDataBase" desc="()V" line="90"><counter type="INSTRUCTION" missed="0" covered="22"/><counter type="BRANCH" missed="1" covered="1"/><counter type="LINE" missed="0" covered="5"/><counter type="COMPLEXITY" missed="1" covered="1"/><counter type="METHOD" missed="0" covered="1"/></method><method name="execQuery" desc="(Ljava/lang/String;)Z" line="99"><counter type="INSTRUCTION" missed="5" covered="7"/><counter type="LINE" missed="3" covered="3"/><counter type="COMPLEXITY" missed="0" covered="1"/><counter type="METHOD" missed="0" covered="1"/></method><method name="Query" desc="(Ljava/lang/String;)Landroid/database/Cursor;" line="108"><counter type="INSTRUCTION" missed="3" covered="11"/><counter type="LINE" missed="2" covered="4"/><counter type="COMPLEXITY" missed="0" covered="1"/><counter type="METHOD" missed="0" covered="1"/></method><method name="createTVShowItem" desc="(Ljava/lang/String;)Lnl/asymmetrics/droidshows/thetvdb/model/TVShowItem;" line="119"><counter type="INSTRUCTION" missed="13" covered="172"/><counter type="BRANCH" missed="8" covered="8"/><counter type="LINE" missed="4" covered="29"/><counter type="COMPLEXITY" missed="8" covered="1"/><counter type="METHOD" missed="0" covered="1"/></method><method name="getEpisodes" desc="(Ljava/lang/String;)Ljava/util/List;" line="160"><counter type="INSTRUCTION" missed="411" covered="0"/><counter type="BRANCH" missed="28" covered="0"/><counter type="LINE" missed="92" covered="0"/><counter type="COMPLEXITY" missed="15" covered="0"/><counter type="METHOD" missed="1" covered="0"/></method><method name="getSeries" desc="(IZLjava/util/List;)Ljava/util/List;" line="267"><counter type="INSTRUCTION" missed="90" covered="55"/><counter type="BRANCH" missed="15" covered="7"/><counter type="LINE" missed="11" covered="13"/><counter type="COMPLEXITY" missed="10" covered="2"/><counter type="METHOD" missed="0" covered="1"/></method><method name="getNetworks" desc="()Ljava/util/List;" line="299"><counter type="INSTRUCTION" missed="41" covered="0"/><counter type="BRANCH" missed="8" covered="0"/><counter type="LINE" missed="12" covered="0"/><counter type="COMPLEXITY" missed="5" covered="0"/><counter type="METHOD" missed="1" covered="0"/></method><method name="getLog" desc="()Ljava/util/List;" line="317"><counter type="INSTRUCTION" missed="4" covered="0"/><counter type="LINE" missed="1" covered="0"/><counter type="COMPLEXITY" missed="1" covered="0"/><counter type="METHOD" missed="1" covered="0"/></method><method name="getLog" desc="(I)Ljava/util/List;" line="321"><counter type="INSTRUCTION" missed="153" covered="0"/><counter type="BRANCH" missed="16" covered="0"/><counter type="LINE" missed="24" covered="0"/><counter type="COMPLEXITY" missed="9" covered="0"/><counter type="METHOD" missed="1" covered="0"/></method><method name="getEpisodeRow" desc="(Ljava/lang/String;ILjava/lang/String;Z)Lnl/asymmetrics/droidshows/utils/SQLiteStore$EpisodeRow;" line="359"><counter type="INSTRUCTION" missed="0" covered="10"/><counter type="LINE" missed="0" covered="1"/><counter type="COMPLEXITY" missed="0" covered="1"/><counter type="METHOD" missed="0" covered="1"/></method><method name="getEpisodeRows" desc="(Ljava/lang/String;IZ)Ljava/util/List;" line="363"><counter type="INSTRUCTION" missed="0" covered="7"/><counter type="LINE" missed="0" covered="1"/><counter type="COMPLEXITY" missed="0" covered="1"/><counter type="METHOD" missed="0" covered="1"/></method><method name="getEpisodeRows" desc="(Ljava/lang/String;ILjava/lang/String;Z)Ljava/util/List;" line="367"><counter type="INSTRUCTION" missed="14" covered="129"/><counter type="BRANCH" missed="6" covered="10"/><counter type="LINE" missed="3" covered="21"/><counter type="COMPLEXITY" missed="6" covered="3"/><counter type="METHOD" missed="0" covered="1"/></method><method name="getSeen" desc="(Ljava/lang/String;IZ)Ljava/util/List;" line="402"><counter type="INSTRUCTION" missed="96" covered="0"/><counter type="BRANCH" missed="14" covered="0"/><counter type="LINE" missed="14" covered="0"/><counter type="COMPLEXITY" missed="8" covered="0"/><counter type="METHOD" missed="1" covered="0"/></method><method name="convertSeenTimestamps" desc="()Z" line="423"><counter type="INSTRUCTION" missed="142" covered="0"/><counter type="BRANCH" missed="12" covered="0"/><counter type="LINE" missed="29" covered="0"/><counter type="COMPLEXITY" missed="7" covered="0"/><counter type="METHOD" missed="1" covered="0"/></method><method name="getSerieIMDbId" desc="(Ljava/lang/String;)Ljava/lang/String;" line="464"><counter type="INSTRUCTION" missed="42" covered="0"/><counter type="BRANCH" missed="6" covered="0"/><counter type="LINE" missed="11" covered="0"/><counter type="COMPLEXITY" missed="4" covered="0"/><counter type="METHOD" missed="1" covered="0"/></method><method name="getSerieName" desc="(Ljava/lang/String;)Ljava/lang/String;" line="480"><counter type="INSTRUCTION" missed="8" covered="34"/><counter type="BRANCH" missed="3" covered="3"/><counter type="LINE" missed="3" covered="8"/><counter type="COMPLEXITY" missed="3" covered="1"/><counter type="METHOD" missed="0" covered="1"/></method><method name="getEpsWatched" desc="(Ljava/lang/String;)I" line="496"><counter type="INSTRUCTION" missed="46" covered="0"/><counter type="BRANCH" missed="8" covered="0"/><counter type="LINE" missed="11" covered="0"/><counter type="COMPLEXITY" missed="5" covered="0"/><counter type="METHOD" missed="1" covered="0"/></method><method name="getEpsUnwatchedAired" desc="(Ljava/lang/String;Z)I" line="514"><counter type="INSTRUCTION" missed="10" covered="53"/><counter type="BRANCH" missed="5" covered="5"/><counter type="LINE" missed="2" covered="10"/><counter type="COMPLEXITY" missed="5" covered="1"/><counter type="METHOD" missed="0" covered="1"/></method><method name="getEpsUnwatchedAired" desc="(Ljava/lang/String;IZ)I" line="533"><counter type="INSTRUCTION" missed="8" covered="46"/><counter type="BRANCH" missed="4" covered="4"/><counter type="LINE" missed="2" covered="9"/><counter type="COMPLEXITY" missed="4" covered="1"/><counter type="METHOD" missed="0" covered="1"/></method><method name="getEpsUnwatched" desc="(Ljava/lang/String;Z)I" line="551"><counter type="INSTRUCTION" missed="10" covered="49"/><counter type="BRANCH" missed="5" covered="5"/><counter type="LINE" missed="2" covered="10"/><counter type="COMPLEXITY" missed="5" covered="1"/><counter type="METHOD" missed="0" covered="1"/></method><method name="getEpsUnwatched" desc="(Ljava/lang/String;IZ)I" line="568"><counter type="INSTRUCTION" missed="8" covered="42"/><counter type="BRANCH" missed="4" covered="4"/><counter type="LINE" missed="2" covered="9"/><counter type="COMPLEXITY" missed="4" covered="1"/><counter type="METHOD" missed="0" covered="1"/></method><method name="getNextEpisodeId" desc="(Ljava/lang/String;Z)Ljava/lang/String;" line="584"><counter type="INSTRUCTION" missed="6" covered="0"/><counter type="LINE" missed="1" covered="0"/><counter type="COMPLEXITY" missed="1" covered="0"/><counter type="METHOD" missed="1" covered="0"/></method><method name="getNextEpisodeId" desc="(Ljava/lang/String;ZZ)Ljava/lang/String;" line="588"><counter type="INSTRUCTION" missed="122" covered="0"/><counter type="BRANCH" missed="18" covered="0"/><counter type="LINE" missed="18" covered="0"/><counter type="COMPLEXITY" missed="10" covered="0"/><counter type="METHOD" missed="1" covered="0"/></method><method name="getLastWatchedEpisode" desc="(Ljava/lang/String;Z)[I" line="612"><counter type="INSTRUCTION" missed="70" covered="0"/><counter type="BRANCH" missed="10" covered="0"/><counter type="LINE" missed="15" covered="0"/><counter type="COMPLEXITY" missed="6" covered="0"/><counter type="METHOD" missed="1" covered="0"/></method><method name="getNextEpisode" desc="(Ljava/lang/String;Z)Lnl/asymmetrics/droidshows/utils/SQLiteStore$NextEpisode;" line="632"><counter type="INSTRUCTION" missed="0" covered="7"/><counter type="LINE" missed="0" covered="1"/><counter type="COMPLEXITY" missed="0" covered="1"/><counter type="METHOD" missed="0" covered="1"/></method><method name="getNextEpisode" desc="(Ljava/lang/String;ZZ)Lnl/asymmetrics/droidshows/utils/SQLiteStore$NextEpisode;" line="636"><counter type="INSTRUCTION" missed="7" covered="0"/><counter type="LINE" missed="1" covered="0"/><counter type="COMPLEXITY" missed="1" covered="0"/><counter type="METHOD" missed="1" covered="0"/></method><method name="getNextEpisode" desc="(Ljava/lang/String;IZ)Lnl/asymmetrics/droidshows/utils/SQLiteStore$NextEpisode;" line="640"><counter type="INSTRUCTION" missed="0" covered="7"/><counter type="LINE" missed="0" covered="1"/><counter type="COMPLEXITY" missed="0" covered="1"/><counter type="METHOD" missed="0" covered="1"/></method><method name="getNextEpisode" desc="(Ljava/lang/String;IZZ)Lnl/asymmetrics/droidshows/utils/SQLiteStore$NextEpisode;" line="644"><counter type="INSTRUCTION" missed="79" covered="102"/><counter type="BRANCH" missed="20" covered="14"/><counter type="LINE" missed="5" covered="20"/><counter type="COMPLEXITY" missed="16" covered="2"/><counter type="METHOD" missed="0" covered="1"/></method><method name="getNextEpisodeString" desc="(Lnl/asymmetrics/droidshows/utils/SQLiteStore$NextEpisode;)Ljava/lang/String;" line="676"><counter type="INSTRUCTION" missed="0" covered="5"/><counter type="LINE" missed="0" covered="1"/><counter type="COMPLEXITY" missed="0" covered="1"/><counter type="METHOD" missed="0" covered="1"/></method><method name="getNextEpisodeString" desc="(Lnl/asymmetrics/droidshows/utils/SQLiteStore$NextEpisode;Z)Ljava/lang/String;" line="680"><counter type="INSTRUCTION" missed="52" covered="49"/><counter type="BRANCH" missed="10" covered="4"/><counter type="LINE" missed="7" covered="7"/><counter type="COMPLEXITY" missed="7" covered="1"/><counter type="METHOD" missed="0" covered="1"/></method><method name="getSeasonCount" desc="(Ljava/lang/String;)I" line="701"><counter type="INSTRUCTION" missed="6" covered="34"/><counter type="BRANCH" missed="3" covered="3"/><counter type="LINE" missed="2" covered="8"/><counter type="COMPLEXITY" missed="3" covered="1"/><counter type="METHOD" missed="0" covered="1"/></method><method name="getSeasonEpisodeCount" desc="(Ljava/lang/String;IZ)I" line="716"><counter type="INSTRUCTION" missed="8" covered="40"/><counter type="BRANCH" missed="4" covered="4"/><counter type="LINE" missed="2" covered="9"/><counter type="COMPLEXITY" missed="4" covered="1"/><counter type="METHOD" missed="0" covered="1"/></method><method name="updateUnwatchedSeason" desc="(Ljava/lang/String;I)V" line="734"><counter type="INSTRUCTION" missed="40" covered="0"/><counter type="LINE" missed="7" covered="0"/><counter type="COMPLEXITY" missed="1" covered="0"/><counter type="METHOD" missed="1" covered="0"/></method><method name="updateWatchedSeason" desc="(Ljava/lang/String;I)V" line="745"><counter type="INSTRUCTION" missed="26" covered="0"/><counter type="LINE" missed="6" covered="0"/><counter type="COMPLEXITY" missed="1" covered="0"/><counter type="METHOD" missed="1" covered="0"/></method><method name="updateUnwatchedEpisode" desc="(Ljava/lang/String;Ljava/lang/String;)Ljava/lang/String;" line="754"><counter type="INSTRUCTION" missed="6" covered="0"/><counter type="LINE" missed="1" covered="0"/><counter type="COMPLEXITY" missed="1" covered="0"/><counter type="METHOD" missed="1" covered="0"/></method><method name="updateUnwatchedEpisode" desc="(Ljava/lang/String;Ljava/lang/String;J)Ljava/lang/String;" line="758"><counter type="INSTRUCTION" missed="41" covered="121"/><counter type="BRANCH" missed="13" covered="9"/><counter type="LINE" missed="8" covered="21"/><counter type="COMPLEXITY" missed="11" covered="1"/><counter type="METHOD" missed="0" covered="1"/></method><method name="updateSerieStatus" desc="(Ljava/lang/String;I)V" line="798"><counter type="INSTRUCTION" missed="25" covered="0"/><counter type="LINE" missed="5" covered="0"/><counter type="COMPLEXITY" missed="1" covered="0"/><counter type="METHOD" missed="1" covered="0"/></method><method name="updateExtResources" desc="(Ljava/lang/String;Ljava/lang/String;)V" line="806"><counter type="INSTRUCTION" missed="25" covered="0"/><counter type="LINE" missed="5" covered="0"/><counter type="COMPLEXITY" missed="1" covered="0"/><counter type="METHOD" missed="1" covered="0"/></method><method name="setDvdOrder" desc="(Ljava/lang/String;Z)V" line="814"><counter type="INSTRUCTION" missed="32" covered="0"/><counter type="BRANCH" missed="2" covered="0"/><counter type="LINE" missed="6" covered="0"/><counter type="COMPLEXITY" missed="2" covered="0"/><counter type="METHOD" missed="1" covered="0"/></method><method name="updateSerie" desc="(Lnl/asymmetrics/droidshows/thetvdb/model/Serie;Z)Z" line="822"><counter type="INSTRUCTION" missed="936" covered="0"/><counter type="BRANCH" missed="78" covered="0"/><counter type="LINE" missed="135" covered="0"/><counter type="COMPLEXITY" missed="40" covered="0"/><counter type="METHOD" missed="1" covered="0"/></method><method name="deleteSerie" desc="(Ljava/lang/String;)Z" line="1029"><counter type="INSTRUCTION" missed="8" covered="152"/><counter type="BRANCH" missed="3" covered="3"/><counter type="LINE" missed="3" covered="19"/><counter type="COMPLEXITY" missed="3" covered="1"/><counter type="METHOD" missed="0" covered="1"/></method><method name="deleteEpisode" desc="(Ljava/lang/String;Ljava/lang/String;)Z" line="1059"><counter type="INSTRUCTION" missed="92" covered="0"/><counter type="LINE" missed="12" covered="0"/><counter type="COMPLEXITY" missed="1" covered="0"/><counter type="METHOD" missed="1" covered="0"/></method><method name="close" desc="()V" line="1078"><counter type="INSTRUCTION" missed="9" covered="0"/><counter type="BRANCH" missed="2" covered="0"/><counter type="LINE" missed="3" covered="0"/><counter type="COMPLEXITY" missed="2" covered="0"/><counter type="METHOD" missed="1" covered="0"/></method><method name="onCreate" desc="(Landroid/database/sqlite/SQLiteDatabase;)V" line="1085"><counter type="INSTRUCTION" missed="38" covered="0"/><counter type="LINE" missed="14" covered="0"/><counter type="COMPLEXITY" missed="1" covered="0"/><counter type="METHOD" missed="1" covered="0"/></method><method name="onUpgrade" desc="(Landroid/database/sqlite/SQLiteDatabase;II)V" line="1127"><counter type="INSTRUCTION" missed="1" covered="0"/><counter type="LINE" missed="1" covered="0"/><counter type="COMPLEXITY" missed="1" covered="0"/><counter type="METHOD" missed="1" covered="0"/></method><method name="updateShowStats" desc="()V" line="1130"><counter type="INSTRUCTION" missed="21" covered="0"/><counter type="BRANCH" missed="2" covered="0"/><counter type="LINE" missed="4" covered="0"/><counter type="COMPLEXITY" missed="2" covered="0"/><counter type="METHOD" missed="1" covered="0"/></method><method name="updateShowStats" desc="(Ljava/lang/String;)V" line="1136"><counter type="INSTRUCTION" missed="23" covered="81"/><counter type="BRANCH" missed="9" covered="3"/><counter type="LINE" missed="3" covered="12"/><counter type="COMPLEXITY" missed="6" covered="1"/><counter type="METHOD" missed="0" covered="1"/></method><method name="updateToday" desc="(Ljava/lang/String;)V" line="1155"><counter type="INSTRUCTION" missed="3" covered="0"/><counter type="LINE" missed="2" covered="0"/><counter type="COMPLEXITY" missed="1" covered="0"/><counter type="METHOD" missed="1" covered="0"/></method><method name="&lt;clinit&gt;" desc="()V" line="31"><counter type="INSTRUCTION" missed="0" covered="22"/><counter type="LINE" missed="0" covered="6"/><counter type="COMPLEXITY" missed="0" covered="1"/><counter type="METHOD" missed="0" covered="1"/></method><counter type="INSTRUCTION" missed="2841" covered="1288"/><counter type="BRANCH" missed="323" covered="89"/><counter type="LINE" missed="517" covered="236"/><counter type="COMPLEXITY" missed="228" covered="31"/><counter type="METHOD" missed="27" covered="26"/><counter type="CLASS" missed="0" covered="1"/></class><sourcefile name="SQLiteStore.java"><line nr="31" mi="0" ci="5" mb="0" cb="0"/><line nr="32" mi="0" ci="5" mb="0" cb="0"/><line nr="34" mi="0" ci="2" mb="0" cb="0"/><line nr="35" mi="0" ci="2" mb="0" cb="0"/><line nr="36" mi="0" ci="2" mb="0" cb="0"/><line nr="38" mi="0" ci="6" mb="0" cb="0"/><line nr="41" mi="0" ci="2" mb="0" cb="2"/><line nr="42" mi="0" ci="6" mb="0" cb="0"/><line nr="43" mi="0" ci="2" mb="0" cb="0"/><line nr="47" mi="0" ci="6" mb="0" cb="0"/><line nr="48" mi="0" ci="11" mb="0" cb="0"/><line nr="50" mi="0" ci="2" mb="0" cb="0"/><line nr="51" mi="1" ci="0" mb="0" cb="0"/><line nr="53" mi="2" ci="0" mb="0" cb="0"/><line nr="54" mi="2" ci="0" mb="0" cb="0"/><line nr="56" mi="2" ci="0" mb="0" cb="0"/><line nr="57" mi="1" ci="0" mb="0" cb="0"/><line nr="58" mi="5" ci="0" mb="0" cb="0"/><line nr="59" mi="1" ci="0" mb="0" cb="0"/><line nr="60" mi="1" ci="0" mb="0" cb="0"/><line nr="61" mi="4" ci="0" mb="0" cb="0"/><line nr="62" mi="1" ci="0" mb="0" cb="0"/><line nr="63" mi="0" ci="1" mb="0" cb="0"/><line nr="64" mi="0" ci="1" mb="0" cb="0"/><line nr="67" mi="3" ci="0" mb="0" cb="0"/><line nr="68" mi="2" ci="0" mb="2" cb="0"/><line nr="69" mi="3" ci="0" mb="0" cb="0"/><line nr="71" mi="1" ci="0" mb="0" cb="0"/><line nr="74" mi="2" ci="0" mb="0" cb="0"/><line nr="76" mi="9" ci="0" mb="0" cb="0"/><line nr="77" mi="5" ci="0" mb="0" cb="0"/><line nr="78" mi="1" ci="0" mb="0" cb="0"/><line nr="79" mi="4" ci="0" mb="0" cb="0"/><line nr="80" mi="1" ci="0" mb="0" cb="0"/><line nr="81" mi="2" ci="0" mb="2" cb="0"/><line nr="82" mi="2" ci="0" mb="0" cb="0"/><line nr="84" mi="6" ci="0" mb="2" cb="0"/><line nr="90" mi="0" ci="9" mb="0" cb="0"/><line nr="91" mi="0" ci="6" mb="0" cb="0"/><line nr="92" mi="0" ci="3" mb="1" cb="1"/><line nr="93" mi="0" ci="3" mb="0" cb="0"/><line nr="94" mi="0" ci="1" mb="0" cb="0"/><line nr="99" mi="0" ci="4" mb="0" cb="0"/><line nr="100" mi="1" ci="0" mb="0" cb="0"/><line nr="101" mi="2" ci="0" mb="0" cb="0"/><line nr="102" mi="2" ci="0" mb="0" cb="0"/><line nr="103" mi="0" ci="1" mb="0" cb="0"/><line nr="104" mi="0" ci="2" mb="0" cb="0"/><line nr="108" mi="0" ci="2" mb="0" cb="0"/><line nr="110" mi="0" ci="6" mb="0" cb="0"/><line nr="111" mi="1" ci="0" mb="0" cb="0"/><line nr="112" mi="2" ci="0" mb="0" cb="0"/><line nr="113" mi="0" ci="1" mb="0" cb="0"/><line nr="114" mi="0" ci="2" mb="0" cb="0"/><line nr="119" mi="0" ci="16" mb="0" cb="0"/><line nr="120" mi="0" ci="8" mb="0" cb="0"/><line nr="121" mi="0" ci="2" mb="0" cb="0"/><line nr="122" mi="0" ci="2" mb="0" cb="0"/><line nr="123" mi="0" ci="13" mb="0" cb="0"/><line nr="125" mi="0" ci="3" mb="0" cb="0"/><line nr="126" mi="0" ci="5" mb="2" cb="2"/><line nr="127" mi="0" ci="6" mb="0" cb="0"/><line nr="128" mi="0" ci="6" mb="0" cb="0"/><line nr="129" mi="0" ci="6" mb="0" cb="0"/><line nr="130" mi="0" ci="6" mb="0" cb="0"/><line nr="131" mi="0" ci="6" mb="0" cb="0"/><line nr="132" mi="0" ci="6" mb="0" cb="0"/><line nr="133" mi="0" ci="6" mb="0" cb="0"/><line nr="134" mi="0" ci="6" mb="0" cb="0"/><line nr="135" mi="0" ci="6" mb="0" cb="0"/><line nr="136" mi="0" ci="6" mb="0" cb="0"/><line nr="137" mi="0" ci="6" mb="0" cb="0"/><line nr="138" mi="2" ci="9" mb="1" cb="1"/><line nr="140" mi="1" ci="0" mb="0" cb="0"/><line nr="141" mi="5" ci="0" mb="0" cb="0"/><line nr="142" mi="0" ci="1" mb="0" cb="0"/><line nr="143" mi="0" ci="4" mb="1" cb="1"/><line nr="144" mi="0" ci="4" mb="1" cb="1"/><line nr="145" mi="0" ci="2" mb="0" cb="0"/><line nr="146" mi="0" ci="7" mb="2" cb="2"/><line nr="148" mi="0" ci="4" mb="0" cb="0"/><line nr="149" mi="1" ci="0" mb="0" cb="0"/><line nr="150" mi="2" ci="0" mb="0" cb="0"/><line nr="151" mi="0" ci="1" mb="0" cb="0"/><line nr="153" mi="2" ci="5" mb="1" cb="1"/><line nr="154" mi="0" ci="18" mb="0" cb="0"/><line nr="155" mi="0" ci="2" mb="0" cb="0"/><line nr="160" mi="2" ci="0" mb="0" cb="0"/><line nr="161" mi="4" ci="0" mb="0" cb="0"/><line nr="162" mi="13" ci="0" mb="0" cb="0"/><line nr="164" mi="2" ci="0" mb="2" cb="0"/><line nr="165" mi="4" ci="0" mb="0" cb="0"/><line nr="166" mi="4" ci="0" mb="0" cb="0"/><line nr="167" mi="4" ci="0" mb="0" cb="0"/><line nr="168" mi="4" ci="0" mb="0" cb="0"/><line nr="169" mi="4" ci="0" mb="0" cb="0"/><line nr="170" mi="4" ci="0" mb="0" cb="0"/><line nr="171" mi="4" ci="0" mb="0" cb="0"/><line nr="172" mi="4" ci="0" mb="0" cb="0"/><line nr="173" mi="4" ci="0" mb="0" cb="0"/><line nr="174" mi="4" ci="0" mb="0" cb="0"/><line nr="175" mi="4" ci="0" mb="0" cb="0"/><line nr="176" mi="4" ci="0" mb="0" cb="0"/><line nr="177" mi="4" ci="0" mb="0" cb="0"/><line nr="178" mi="4" ci="0" mb="0" cb="0"/><line nr="179" mi="4" ci="0" mb="0" cb="0"/><line nr="180" mi="4" ci="0" mb="0" cb="0"/><line nr="181" mi="4" ci="0" mb="0" cb="0"/><line nr="182" mi="4" ci="0" mb="0" cb="0"/><line nr="183" mi="4" ci="0" mb="0" cb="0"/><line nr="184" mi="4" ci="0" mb="0" cb="0"/><line nr="185" mi="4" ci="0" mb="0" cb="0"/><line nr="186" mi="4" ci="0" mb="0" cb="0"/><line nr="187" mi="4" ci="0" mb="0" cb="0"/><line nr="188" mi="3" ci="0" mb="0" cb="0"/><line nr="189" mi="3" ci="0" mb="2" cb="0"/><line nr="191" mi="4" ci="0" mb="0" cb="0"/><line nr="192" mi="4" ci="0" mb="0" cb="0"/><line nr="193" mi="14" ci="0" mb="0" cb="0"/><line nr="194" mi="5" ci="0" mb="0" cb="0"/><line nr="195" mi="3" ci="0" mb="0" cb="0"/><line nr="196" mi="4" ci="0" mb="0" cb="0"/><line nr="197" mi="5" ci="0" mb="4" cb="0"/><line nr="199" mi="6" ci="0" mb="0" cb="0"/><line nr="200" mi="3" ci="0" mb="2" cb="0"/><line nr="202" mi="2" ci="0" mb="0" cb="0"/><line nr="203" mi="4" ci="0" mb="0" cb="0"/><line nr="204" mi="14" ci="0" mb="0" cb="0"/><line nr="205" mi="5" ci="0" mb="0" cb="0"/><line nr="206" mi="3" ci="0" mb="0" cb="0"/><line nr="207" mi="4" ci="0" mb="0" cb="0"/><line nr="208" mi="5" ci="0" mb="4" cb="0"/><line nr="210" mi="6" ci="0" mb="0" cb="0"/><line nr="211" mi="3" ci="0" mb="2" cb="0"/><line nr="213" mi="2" ci="0" mb="0" cb="0"/><line nr="214" mi="4" ci="0" mb="0" cb="0"/><line nr="215" mi="14" ci="0" mb="0" cb="0"/><line nr="216" mi="5" ci="0" mb="0" cb="0"/><line nr="217" mi="3" ci="0" mb="0" cb="0"/><line nr="218" mi="4" ci="0" mb="0" cb="0"/><line nr="219" mi="5" ci="0" mb="4" cb="0"/><line nr="221" mi="6" ci="0" mb="0" cb="0"/><line nr="222" mi="3" ci="0" mb="2" cb="0"/><line nr="224" mi="2" ci="0" mb="0" cb="0"/><line nr="225" mi="3" ci="0" mb="0" cb="0"/><line nr="226" mi="3" ci="0" mb="0" cb="0"/><line nr="227" mi="3" ci="0" mb="0" cb="0"/><line nr="228" mi="5" ci="0" mb="0" cb="0"/><line nr="229" mi="5" ci="0" mb="0" cb="0"/><line nr="230" mi="5" ci="0" mb="0" cb="0"/><line nr="231" mi="5" ci="0" mb="0" cb="0"/><line nr="232" mi="5" ci="0" mb="0" cb="0"/><line nr="233" mi="5" ci="0" mb="0" cb="0"/><line nr="234" mi="5" ci="0" mb="0" cb="0"/><line nr="235" mi="5" ci="0" mb="0" cb="0"/><line nr="236" mi="5" ci="0" mb="0" cb="0"/><line nr="237" mi="5" ci="0" mb="0" cb="0"/><line nr="238" mi="5" ci="0" mb="0" cb="0"/><line nr="239" mi="5" ci="0" mb="0" cb="0"/><line nr="240" mi="5" ci="0" mb="0" cb="0"/><line nr="241" mi="5" ci="0" mb="0" cb="0"/><line nr="242" mi="5" ci="0" mb="0" cb="0"/><line nr="243" mi="5" ci="0" mb="0" cb="0"/><line nr="244" mi="5" ci="0" mb="0" cb="0"/><line nr="245" mi="5" ci="0" mb="0" cb="0"/><line nr="246" mi="5" ci="0" mb="0" cb="0"/><line nr="247" mi="5" ci="0" mb="0" cb="0"/><line nr="248" mi="5" ci="0" mb="0" cb="0"/><line nr="249" mi="5" ci="0" mb="0" cb="0"/><line nr="250" mi="4" ci="0" mb="2" cb="0"/><line nr="251" mi="4" ci="0" mb="0" cb="0"/><line nr="253" mi="3" ci="0" mb="0" cb="0"/><line nr="255" mi="4" ci="0" mb="0" cb="0"/><line nr="256" mi="3" ci="0" mb="2" cb="0"/><line nr="259" mi="1" ci="0" mb="0" cb="0"/><line nr="260" mi="5" ci="0" mb="0" cb="0"/><line nr="261" mi="1" ci="0" mb="0" cb="0"/><line nr="262" mi="4" ci="0" mb="2" cb="0"/><line nr="263" mi="2" ci="0" mb="0" cb="0"/><line nr="267" mi="0" ci="2" mb="0" cb="0"/><line nr="268" mi="5" ci="2" mb="5" cb="1"/><line nr="269" mi="2" ci="0" mb="0" cb="0"/><line nr="270" mi="10" ci="0" mb="2" cb="0"/><line nr="271" mi="13" ci="0" mb="0" cb="0"/><line nr="272" mi="1" ci="0" mb="0" cb="0"/><line nr="273" mi="15" ci="0" mb="0" cb="0"/><line nr="274" mi="11" ci="0" mb="0" cb="0"/><line nr="276" mi="0" ci="4" mb="0" cb="0"/><line nr="277" mi="0" ci="3" mb="0" cb="2"/><line nr="278" mi="1" ci="14" mb="1" cb="1"/><line nr="279" mi="12" ci="2" mb="3" cb="1"/><line nr="280" mi="3" ci="2" mb="0" cb="0"/><line nr="282" mi="0" ci="13" mb="0" cb="0"/><line nr="284" mi="0" ci="3" mb="0" cb="0"/><line nr="285" mi="0" ci="5" mb="2" cb="2"/><line nr="287" mi="6" ci="0" mb="0" cb="0"/><line nr="288" mi="3" ci="0" mb="2" cb="0"/><line nr="290" mi="0" ci="2" mb="0" cb="0"/><line nr="291" mi="1" ci="0" mb="0" cb="0"/><line nr="292" mi="5" ci="0" mb="0" cb="0"/><line nr="293" mi="2" ci="0" mb="0" cb="0"/><line nr="294" mi="0" ci="1" mb="0" cb="0"/><line nr="295" mi="0" ci="2" mb="0" cb="0"/><line nr="299" mi="4" ci="0" mb="0" cb="0"/><line nr="300" mi="4" ci="0" mb="0" cb="0"/><line nr="302" mi="3" ci="0" mb="0" cb="0"/><line nr="303" mi="5" ci="0" mb="4" cb="0"/><line nr="305" mi="6" ci="0" mb="0" cb="0"/><line nr="306" mi="3" ci="0" mb="2" cb="0"/><line nr="308" mi="1" ci="0" mb="0" cb="0"/><line nr="309" mi="5" ci="0" mb="0" cb="0"/><line nr="310" mi="1" ci="0" mb="0" cb="0"/><line nr="311" mi="4" ci="0" mb="2" cb="0"/><line nr="312" mi="3" ci="0" mb="0" cb="0"/><line nr="313" mi="2" ci="0" mb="0" cb="0"/><line nr="317" mi="4" ci="0" mb="0" cb="0"/><line nr="321" mi="4" ci="0" mb="0" cb="0"/><line nr="322" mi="6" ci="0" mb="0" cb="0"/><line nr="324" mi="4" ci="0" mb="0" cb="0"/><line nr="325" mi="11" ci="0" mb="0" cb="0"/><line nr="328" mi="3" ci="0" mb="0" cb="0"/><line nr="329" mi="5" ci="0" mb="4" cb="0"/><line nr="331" mi="6" ci="0" mb="0" cb="0"/><line nr="332" mi="6" ci="0" mb="0" cb="0"/><line nr="333" mi="7" ci="0" mb="0" cb="0"/><line nr="335" mi="13" ci="0" mb="0" cb="0"/><line nr="336" mi="10" ci="0" mb="6" cb="0"/><line nr="337" mi="6" ci="0" mb="0" cb="0"/><line nr="338" mi="7" ci="0" mb="0" cb="0"/><line nr="340" mi="6" ci="0" mb="0" cb="0"/><line nr="341" mi="6" ci="0" mb="0" cb="0"/><line nr="344" mi="4" ci="0" mb="0" cb="0"/><line nr="346" mi="3" ci="0" mb="0" cb="0"/><line nr="347" mi="21" ci="0" mb="2" cb="0"/><line nr="348" mi="7" ci="0" mb="0" cb="0"/><line nr="349" mi="5" ci="0" mb="0" cb="0"/><line nr="351" mi="4" ci="0" mb="0" cb="0"/><line nr="352" mi="3" ci="0" mb="2" cb="0"/><line nr="354" mi="4" ci="0" mb="2" cb="0"/><line nr="355" mi="2" ci="0" mb="0" cb="0"/><line nr="359" mi="0" ci="10" mb="0" cb="0"/><line nr="363" mi="0" ci="7" mb="0" cb="0"/><line nr="367" mi="0" ci="4" mb="0" cb="0"/><line nr="368" mi="0" ci="8" mb="0" cb="0"/><line nr="369" mi="0" ci="22" mb="0" cb="2"/><line nr="371" mi="2" ci="9" mb="1" cb="1"/><line nr="374" mi="0" ci="3" mb="0" cb="0"/><line nr="375" mi="0" ci="5" mb="2" cb="2"/><line nr="377" mi="0" ci="6" mb="0" cb="0"/><line nr="378" mi="0" ci="14" mb="0" cb="0"/><line nr="379" mi="0" ci="5" mb="0" cb="0"/><line nr="380" mi="0" ci="6" mb="0" cb="0"/><line nr="381" mi="0" ci="2" mb="0" cb="0"/><line nr="382" mi="0" ci="7" mb="2" cb="2"/><line nr="384" mi="0" ci="4" mb="0" cb="0"/><line nr="385" mi="0" ci="4" mb="0" cb="0"/><line nr="386" mi="4" ci="1" mb="0" cb="0"/><line nr="388" mi="2" ci="0" mb="0" cb="0"/><line nr="389" mi="0" ci="7" mb="0" cb="0"/><line nr="391" mi="0" ci="12" mb="0" cb="0"/><line nr="392" mi="0" ci="3" mb="0" cb="2"/><line nr="394" mi="1" ci="0" mb="0" cb="0"/><line nr="395" mi="5" ci="0" mb="0" cb="0"/><line nr="396" mi="0" ci="1" mb="0" cb="0"/><line nr="397" mi="0" ci="4" mb="1" cb="1"/><line nr="398" mi="0" ci="2" mb="0" cb="0"/><line nr="402" mi="4" ci="0" mb="0" cb="0"/><line nr="403" mi="12" ci="0" mb="0" cb="0"/><line nr="404" mi="19" ci="0" mb="2" cb="0"/><line nr="407" mi="3" ci="0" mb="0" cb="0"/><line nr="408" mi="5" ci="0" mb="4" cb="0"/><line nr="410" mi="8" ci="0" mb="2" cb="0"/><line nr="411" mi="8" ci="0" mb="2" cb="0"/><line nr="412" mi="21" ci="0" mb="0" cb="0"/><line nr="413" mi="3" ci="0" mb="2" cb="0"/><line nr="415" mi="1" ci="0" mb="0" cb="0"/><line nr="416" mi="5" ci="0" mb="0" cb="0"/><line nr="417" mi="1" ci="0" mb="0" cb="0"/><line nr="418" mi="4" ci="0" mb="2" cb="0"/><line nr="419" mi="2" ci="0" mb="0" cb="0"/><line nr="423" mi="2" ci="0" mb="0" cb="0"/><line nr="424" mi="2" ci="0" mb="0" cb="0"/><line nr="425" mi="4" ci="0" mb="0" cb="0"/><line nr="426" mi="4" ci="0" mb="0" cb="0"/><line nr="428" mi="3" ci="0" mb="0" cb="0"/><line nr="429" mi="3" ci="0" mb="0" cb="0"/><line nr="430" mi="5" ci="0" mb="4" cb="0"/><line nr="432" mi="14" ci="0" mb="0" cb="0"/><line nr="433" mi="3" ci="0" mb="2" cb="0"/><line nr="436" mi="10" ci="0" mb="2" cb="0"/><line nr="437" mi="5" ci="0" mb="2" cb="0"/><line nr="439" mi="12" ci="0" mb="0" cb="0"/><line nr="440" mi="5" ci="0" mb="0" cb="0"/><line nr="442" mi="18" ci="0" mb="0" cb="0"/><line nr="443" mi="1" ci="0" mb="0" cb="0"/><line nr="444" mi="1" ci="0" mb="0" cb="0"/><line nr="445" mi="2" ci="0" mb="0" cb="0"/><line nr="446" mi="4" ci="0" mb="0" cb="0"/><line nr="447" mi="1" ci="0" mb="0" cb="0"/><line nr="449" mi="1" ci="0" mb="0" cb="0"/><line nr="450" mi="3" ci="0" mb="0" cb="0"/><line nr="451" mi="11" ci="0" mb="0" cb="0"/><line nr="452" mi="1" ci="0" mb="0" cb="0"/><line nr="453" mi="11" ci="0" mb="0" cb="0"/><line nr="454" mi="5" ci="0" mb="0" cb="0"/><line nr="455" mi="2" ci="0" mb="0" cb="0"/><line nr="457" mi="3" ci="0" mb="0" cb="0"/><line nr="459" mi="4" ci="0" mb="2" cb="0"/><line nr="460" mi="2" ci="0" mb="0" cb="0"/><line nr="464" mi="2" ci="0" mb="0" cb="0"/><line nr="465" mi="13" ci="0" mb="0" cb="0"/><line nr="467" mi="3" ci="0" mb="0" cb="0"/><line nr="468" mi="5" ci="0" mb="4" cb="0"/><line nr="469" mi="4" ci="0" mb="0" cb="0"/><line nr="471" mi="1" ci="0" mb="0" cb="0"/><line nr="472" mi="5" ci="0" mb="0" cb="0"/><line nr="473" mi="2" ci="0" mb="0" cb="0"/><line nr="474" mi="1" ci="0" mb="0" cb="0"/><line nr="475" mi="4" ci="0" mb="2" cb="0"/><line nr="476" mi="2" ci="0" mb="0" cb="0"/><line nr="480" mi="0" ci="2" mb="0" cb="0"/><line nr="481" mi="0" ci="13" mb="0" cb="0"/><line nr="483" mi="0" ci="3" mb="0" cb="0"/><line nr="484" mi="0" ci="5" mb="2" cb="2"/><line nr="485" mi="0" ci="4" mb="0" cb="0"/><line nr="487" mi="1" ci="0" mb="0" cb="0"/><line nr="488" mi="5" ci="0" mb="0" cb="0"/><line nr="489" mi="2" ci="0" mb="0" cb="0"/><line nr="490" mi="0" ci="1" mb="0" cb="0"/><line nr="491" mi="0" ci="4" mb="1" cb="1"/><line nr="492" mi="0" ci="2" mb="0" cb="0"/><line nr="496" mi="2" ci="0" mb="0" cb="0"/><line nr="497" mi="12" ci="0" mb="0" cb="0"/><line nr="499" mi="7" ci="0" mb="2" cb="0"/><line nr="501" mi="3" ci="0" mb="0" cb="0"/><line nr="502" mi="5" ci="0" mb="4" cb="0"/><line nr="503" mi="4" ci="0" mb="0" cb="0"/><line nr="505" mi="1" ci="0" mb="0" cb="0"/><line nr="506" mi="5" ci="0" mb="0" cb="0"/><line nr="507" mi="1" ci="0" mb="0" cb="0"/><line nr="508" mi="4" ci="0" mb="2" cb="0"/><line nr="510" mi="2" ci="0" mb="0" cb="0"/><line nr="514" mi="0" ci="2" mb="0" cb="0"/><line nr="515" mi="0" ci="16" mb="0" cb="0"/><line nr="517" mi="2" ci="2" mb="1" cb="1"/><line nr="518" mi="2" ci="14" mb="1" cb="1"/><line nr="520" mi="0" ci="3" mb="0" cb="0"/><line nr="521" mi="0" ci="5" mb="2" cb="2"/><line nr="522" mi="0" ci="4" mb="0" cb="0"/><line nr="524" mi="1" ci="0" mb="0" cb="0"/><line nr="525" mi="5" ci="0" mb="0" cb="0"/><line nr="526" mi="0" ci="1" mb="0" cb="0"/><line nr="527" mi="0" ci="4" mb="1" cb="1"/><line nr="529" mi="0" ci="2" mb="0" cb="0"/><line nr="533" mi="0" ci="2" mb="0" cb="0"/><line nr="534" mi="0" ci="12" mb="0" cb="0"/><line nr="535" mi="2" ci="13" mb="1" cb="1"/><line nr="538" mi="0" ci="3" mb="0" cb="0"/><line nr="539" mi="0" ci="5" mb="2" cb="2"/><line nr="540" mi="0" ci="4" mb="0" cb="0"/><line nr="542" mi="1" ci="0" mb="0" cb="0"/><line nr="543" mi="5" ci="0" mb="0" cb="0"/><line nr="544" mi="0" ci="1" mb="0" cb="0"/><line nr="545" mi="0" ci="4" mb="1" cb="1"/><line nr="547" mi="0" ci="2" mb="0" cb="0"/><line nr="551" mi="0" ci="2" mb="0" cb="0"/><line nr="552" mi="0" ci="12" mb="0" cb="0"/><line nr="553" mi="2" ci="2" mb="1" cb="1"/><line nr="554" mi="2" ci="14" mb="1" cb="1"/><line nr="556" mi="0" ci="3" mb="0" cb="0"/><line nr="557" mi="0" ci="5" mb="2" cb="2"/><line nr="558" mi="0" ci="4" mb="0" cb="0"/><line nr="560" mi="1" ci="0" mb="0" cb="0"/><line nr="561" mi="5" ci="0" mb="0" cb="0"/><line nr="562" mi="0" ci="1" mb="0" cb="0"/><line nr="563" mi="0" ci="4" mb="1" cb="1"/><line nr="564" mi="0" ci="2" mb="0" cb="0"/><line nr="568" mi="0" ci="2" mb="0" cb="0"/><line nr="569" mi="0" ci="12" mb="0" cb="0"/><line nr="570" mi="2" ci="9" mb="1" cb="1"/><line nr="572" mi="0" ci="3" mb="0" cb="0"/><line nr="573" mi="0" ci="5" mb="2" cb="2"/><line nr="574" mi="0" ci="4" mb="0" cb="0"/><line nr="576" mi="1" ci="0" mb="0" cb="0"/><line nr="577" mi="5" ci="0" mb="0" cb="0"/><line nr="578" mi="0" ci="1" mb="0" cb="0"/><line nr="579" mi="0" ci="4" mb="1" cb="1"/><line nr="580" mi="0" ci="2" mb="0" cb="0"/><line nr="584" mi="6" ci="0" mb="0" cb="0"/><line nr="588" mi="9" ci="0" mb="2" cb="0"/><line nr="589" mi="2" ci="0" mb="0" cb="0"/><line nr="590" mi="2" ci="0" mb="0" cb="0"/><line nr="592" mi="12" ci="0" mb="0" cb="0"/><line nr="593" mi="2" ci="0" mb="2" cb="0"/><line nr="594" mi="14" ci="0" mb="2" cb="0"/><line nr="595" mi="21" ci="0" mb="2" cb="0"/><line nr="596" mi="6" ci="0" mb="2" cb="0"/><line nr="597" mi="18" ci="0" mb="2" cb="0"/><line nr="599" mi="3" ci="0" mb="0" cb="0"/><line nr="600" mi="5" ci="0" mb="4" cb="0"/><line nr="601" mi="4" ci="0" mb="0" cb="0"/><line nr="602" mi="4" ci="0" mb="0" cb="0"/><line nr="604" mi="1" ci="0" mb="0" cb="0"/><line nr="605" mi="5" ci="0" mb="0" cb="0"/><line nr="606" mi="1" ci="0" mb="0" cb="0"/><line nr="607" mi="4" ci="0" mb="2" cb="0"/><line nr="608" mi="9" ci="0" mb="0" cb="0"/><line nr="612" mi="3" ci="0" mb="0" cb="0"/><line nr="613" mi="12" ci="0" mb="0" cb="0"/><line nr="615" mi="8" ci="0" mb="2" cb="0"/><line nr="616" mi="9" ci="0" mb="2" cb="0"/><line nr="618" mi="3" ci="0" mb="0" cb="0"/><line nr="619" mi="5" ci="0" mb="4" cb="0"/><line nr="620" mi="6" ci="0" mb="0" cb="0"/><line nr="621" mi="7" ci="0" mb="0" cb="0"/><line nr="622" mi="2" ci="0" mb="0" cb="0"/><line nr="623" mi="1" ci="0" mb="0" cb="0"/><line nr="624" mi="2" ci="0" mb="0" cb="0"/><line nr="625" mi="5" ci="0" mb="0" cb="0"/><line nr="626" mi="1" ci="0" mb="0" cb="0"/><line nr="627" mi="4" ci="0" mb="2" cb="0"/><line nr="628" mi="2" ci="0" mb="0" cb="0"/><line nr="632" mi="0" ci="7" mb="0" cb="0"/><line nr="636" mi="7" ci="0" mb="0" cb="0"/><line nr="640" mi="0" ci="7" mb="0" cb="0"/><line nr="644" mi="5" ci="6" mb="2" cb="2"/><line nr="645" mi="0" ci="2" mb="0" cb="0"/><line nr="646" mi="0" ci="2" mb="0" cb="0"/><line nr="648" mi="0" ci="3" mb="0" cb="2"/><line nr="649" mi="0" ci="13" mb="0" cb="0"/><line nr="650" mi="0" ci="2" mb="1" cb="1"/><line nr="651" mi="14" ci="0" mb="2" cb="0"/><line nr="652" mi="19" ci="2" mb="2" cb="0"/><line nr="653" mi="2" ci="4" mb="1" cb="1"/><line nr="654" mi="11" ci="7" mb="1" cb="1"/><line nr="657" mi="0" ci="12" mb="0" cb="0"/><line nr="658" mi="2" ci="8" mb="1" cb="1"/><line nr="659" mi="2" ci="7" mb="1" cb="1"/><line nr="661" mi="0" ci="3" mb="0" cb="0"/><line nr="662" mi="0" ci="5" mb="2" cb="2"/><line nr="663" mi="0" ci="15" mb="0" cb="0"/><line nr="664" mi="1" ci="0" mb="0" cb="0"/><line nr="665" mi="5" ci="0" mb="0" cb="0"/><line nr="666" mi="0" ci="1" mb="0" cb="0"/><line nr="667" mi="0" ci="4" mb="1" cb="1"/><line nr="668" mi="7" ci="2" mb="5" cb="1"/><line nr="669" mi="2" ci="0" mb="0" cb="0"/><line nr="670" mi="0" ci="2" mb="1" cb="1"/><line nr="671" mi="9" ci="0" mb="0" cb="0"/><line nr="672" mi="0" ci="2" mb="0" cb="0"/><line nr="676" mi="0" ci="5" mb="0" cb="0"/><line nr="680" mi="0" ci="4" mb="1" cb="1"/><line nr="681" mi="2" ci="0" mb="0" cb="0"/><line nr="683" mi="0" ci="6" mb="0" cb="0"/><line nr="684" mi="1" ci="12" mb="1" cb="1"/><line nr="686" mi="0" ci="2" mb="1" cb="1"/><line nr="687" mi="6" ci="0" mb="0" cb="0"/><line nr="688" mi="2" ci="0" mb="2" cb="0"/><line nr="689" mi="11" ci="0" mb="0" cb="0"/><line nr="690" mi="11" ci="0" mb="2" cb="0"/><line nr="691" mi="3" ci="0" mb="2" cb="0"/><line nr="692" mi="15" ci="0" mb="0" cb="0"/><line nr="695" mi="0" ci="8" mb="0" cb="0"/><line nr="696" mi="0" ci="3" mb="1" cb="1"/><line nr="697" mi="1" ci="14" mb="0" cb="0"/><line nr="701" mi="0" ci="2" mb="0" cb="0"/><line nr="702" mi="0" ci="13" mb="0" cb="0"/><line nr="704" mi="0" ci="3" mb="0" cb="0"/><line nr="705" mi="0" ci="5" mb="2" cb="2"/><line nr="706" mi="0" ci="4" mb="0" cb="0"/><line nr="708" mi="1" ci="0" mb="0" cb="0"/><line nr="709" mi="5" ci="0" mb="0" cb="0"/><line nr="710" mi="0" ci="1" mb="0" cb="0"/><line nr="711" mi="0" ci="4" mb="1" cb="1"/><line nr="712" mi="0" ci="2" mb="0" cb="0"/><line nr="716" mi="0" ci="2" mb="0" cb="0"/><line nr="717" mi="0" ci="12" mb="0" cb="0"/><line nr="718" mi="2" ci="7" mb="1" cb="1"/><line nr="720" mi="0" ci="3" mb="0" cb="0"/><line nr="721" mi="0" ci="5" mb="2" cb="2"/><line nr="722" mi="0" ci="4" mb="0" cb="0"/><line nr="724" mi="1" ci="0" mb="0" cb="0"/><line nr="725" mi="5" ci="0" mb="0" cb="0"/><line nr="726" mi="0" ci="1" mb="0" cb="0"/><line nr="727" mi="0" ci="4" mb="1" cb="1"/><line nr="728" mi="0" ci="2" mb="0" cb="0"/><line nr="734" mi="4" ci="0" mb="0" cb="0"/><line nr="735" mi="25" ci="0" mb="0" cb="0"/><line nr="737" mi="1" ci="0" mb="0" cb="0"/><line nr="738" mi="5" ci="0" mb="0" cb="0"/><line nr="739" mi="1" ci="0" mb="0" cb="0"/><line nr="740" mi="3" ci="0" mb="0" cb="0"/><line nr="741" mi="1" ci="0" mb="0" cb="0"/><line nr="745" mi="15" ci="0" mb="0" cb="0"/><line nr="747" mi="1" ci="0" mb="0" cb="0"/><line nr="748" mi="5" ci="0" mb="0" cb="0"/><line nr="749" mi="1" ci="0" mb="0" cb="0"/><line nr="750" mi="3" ci="0" mb="0" cb="0"/><line nr="751" mi="1" ci="0" mb="0" cb="0"/><line nr="754" mi="6" ci="0" mb="0" cb="0"/><line nr="758" mi="0" ci="2" mb="0" cb="0"/><line nr="759" mi="0" ci="11" mb="0" cb="0"/><line nr="761" mi="0" ci="3" mb="0" cb="0"/><line nr="762" mi="0" ci="5" mb="2" cb="2"/><line nr="763" mi="9" ci="0" mb="2" cb="0"/><line nr="764" mi="1" ci="0" mb="0" cb="0"/><line nr="765" mi="5" ci="0" mb="0" cb="0"/><line nr="766" mi="0" ci="1" mb="0" cb="0"/><line nr="768" mi="0" ci="2" mb="0" cb="0"/><line nr="769" mi="0" ci="2" mb="0" cb="0"/><line nr="771" mi="0" ci="17" mb="0" cb="0"/><line nr="772" mi="0" ci="3" mb="0" cb="0"/><line nr="773" mi="0" ci="5" mb="2" cb="2"/><line nr="774" mi="0" ci="5" mb="0" cb="0"/><line nr="775" mi="4" ci="6" mb="1" cb="1"/><line nr="776" mi="4" ci="6" mb="1" cb="1"/><line nr="777" mi="1" ci="15" mb="1" cb="1"/><line nr="778" mi="0" ci="4" mb="1" cb="1"/><line nr="779" mi="0" ci="3" mb="0" cb="0"/><line nr="781" mi="4" ci="0" mb="2" cb="0"/><line nr="782" mi="3" ci="0" mb="0" cb="0"/><line nr="784" mi="4" ci="0" mb="0" cb="0"/><line nr="786" mi="0" ci="21" mb="0" cb="0"/><line nr="788" mi="1" ci="0" mb="0" cb="0"/><line nr="789" mi="5" ci="0" mb="0" cb="0"/><line nr="790" mi="0" ci="1" mb="0" cb="0"/><line nr="791" mi="0" ci="4" mb="1" cb="1"/><line nr="792" mi="0" ci="3" mb="0" cb="0"/><line nr="793" mi="0" ci="2" mb="0" cb="0"/><line nr="798" mi="17" ci="0" mb="0" cb="0"/><line nr="799" mi="1" ci="0" mb="0" cb="0"/><line nr="800" mi="5" ci="0" mb="0" cb="0"/><line nr="801" mi="1" ci="0" mb="0" cb="0"/><line nr="802" mi="1" ci="0" mb="0" cb="0"/><line nr="806" mi="17" ci="0" mb="0" cb="0"/><line nr="807" mi="1" ci="0" mb="0" cb="0"/><line nr="808" mi="5" ci="0" mb="0" cb="0"/><line nr="809" mi="1" ci="0" mb="0" cb="0"/><line nr="810" mi="1" ci="0" mb="0" cb="0"/><line nr="814" mi="21" ci="0" mb="2" cb="0"/><line nr="815" mi="3" ci="0" mb="0" cb="0"/><line nr="816" mi="1" ci="0" mb="0" cb="0"/><line nr="817" mi="5" ci="0" mb="0" cb="0"/><line nr="818" mi="1" ci="0" mb="0" cb="0"/><line nr="819" mi="1" ci="0" mb="0" cb="0"/><line nr="822" mi="3" ci="0" mb="0" cb="0"/><line nr="823" mi="2" ci="0" mb="2" cb="0"/><line nr="824" mi="4" ci="0" mb="0" cb="0"/><line nr="825" mi="2" ci="0" mb="0" cb="0"/><line nr="827" mi="2" ci="0" mb="0" cb="0"/><line nr="828" mi="7" ci="0" mb="4" cb="0"/><line nr="829" mi="3" ci="0" mb="0" cb="0"/><line nr="831" mi="2" ci="0" mb="0" cb="0"/><line nr="832" mi="4" ci="0" mb="2" cb="0"/><line nr="833" mi="3" ci="0" mb="0" cb="0"/><line nr="835" mi="2" ci="0" mb="0" cb="0"/><line nr="836" mi="2" ci="0" mb="0" cb="0"/><line nr="837" mi="2" ci="0" mb="2" cb="0"/><line nr="839" mi="8" ci="0" mb="0" cb="0"/><line nr="840" mi="9" ci="0" mb="2" cb="0"/><line nr="841" mi="5" ci="0" mb="0" cb="0"/><line nr="842" mi="3" ci="0" mb="0" cb="0"/><line nr="843" mi="5" ci="0" mb="4" cb="0"/><line nr="845" mi="5" ci="0" mb="2" cb="0"/><line nr="846" mi="4" ci="0" mb="0" cb="0"/><line nr="848" mi="3" ci="0" mb="2" cb="0"/><line nr="850" mi="2" ci="0" mb="0" cb="0"/><line nr="851" mi="23" ci="0" mb="2" cb="0"/><line nr="852" mi="1" ci="0" mb="0" cb="0"/><line nr="853" mi="2" ci="0" mb="2" cb="0"/><line nr="854" mi="2" ci="0" mb="0" cb="0"/><line nr="856" mi="5" ci="0" mb="0" cb="0"/><line nr="857" mi="2" ci="0" mb="0" cb="0"/><line nr="859" mi="19" ci="0" mb="2" cb="0"/><line nr="863" mi="3" ci="0" mb="0" cb="0"/><line nr="864" mi="19" ci="0" mb="0" cb="0"/><line nr="865" mi="10" ci="0" mb="0" cb="0"/><line nr="866" mi="10" ci="0" mb="0" cb="0"/><line nr="867" mi="10" ci="0" mb="0" cb="0"/><line nr="868" mi="10" ci="0" mb="0" cb="0"/><line nr="869" mi="10" ci="0" mb="0" cb="0"/><line nr="870" mi="15" ci="0" mb="0" cb="0"/><line nr="871" mi="14" ci="0" mb="0" cb="0"/><line nr="872" mi="9" ci="0" mb="2" cb="0"/><line nr="873" mi="14" ci="0" mb="0" cb="0"/><line nr="874" mi="7" ci="0" mb="0" cb="0"/><line nr="876" mi="14" ci="0" mb="0" cb="0"/><line nr="877" mi="9" ci="0" mb="2" cb="0"/><line nr="878" mi="14" ci="0" mb="0" cb="0"/><line nr="879" mi="9" ci="0" mb="0" cb="0"/><line nr="881" mi="14" ci="0" mb="0" cb="0"/><line nr="882" mi="9" ci="0" mb="2" cb="0"/><line nr="883" mi="14" ci="0" mb="0" cb="0"/><line nr="884" mi="9" ci="0" mb="0" cb="0"/><line nr="887" mi="6" ci="0" mb="2" cb="0"/><line nr="889" mi="3" ci="0" mb="2" cb="0"/><line nr="890" mi="2" ci="0" mb="0" cb="0"/><line nr="891" mi="26" ci="0" mb="0" cb="0"/><line nr="893" mi="3" ci="0" mb="0" cb="0"/><line nr="894" mi="5" ci="0" mb="4" cb="0"/><line nr="896" mi="15" ci="0" mb="0" cb="0"/><line nr="897" mi="3" ci="0" mb="2" cb="0"/><line nr="899" mi="2" ci="0" mb="0" cb="0"/><line nr="900" mi="8" ci="0" mb="0" cb="0"/><line nr="901" mi="18" ci="0" mb="0" cb="0"/><line nr="902" mi="18" ci="0" mb="0" cb="0"/><line nr="903" mi="18" ci="0" mb="0" cb="0"/><line nr="904" mi="1" ci="0" mb="0" cb="0"/><line nr="905" mi="14" ci="0" mb="0" cb="0"/><line nr="906" mi="14" ci="0" mb="0" cb="0"/><line nr="907" mi="14" ci="0" mb="0" cb="0"/><line nr="910" mi="7" ci="0" mb="0" cb="0"/><line nr="911" mi="13" ci="0" mb="0" cb="0"/><line nr="912" mi="25" ci="0" mb="2" cb="0"/><line nr="914" mi="9" ci="0" mb="2" cb="0"/><line nr="915" mi="3" ci="0" mb="2" cb="0"/><line nr="916" mi="7" ci="0" mb="0" cb="0"/><line nr="917" mi="5" ci="0" mb="4" cb="0"/><line nr="918" mi="1" ci="0" mb="0" cb="0"/><line nr="922" mi="6" ci="0" mb="0" cb="0"/><line nr="924" mi="11" ci="0" mb="6" cb="0"/><line nr="925" mi="1" ci="0" mb="0" cb="0"/><line nr="928" mi="9" ci="0" mb="2" cb="0"/><line nr="929" mi="9" ci="0" mb="0" cb="0"/><line nr="930" mi="10" ci="0" mb="0" cb="0"/><line nr="931" mi="9" ci="0" mb="0" cb="0"/><line nr="933" mi="9" ci="0" mb="2" cb="0"/><line nr="934" mi="9" ci="0" mb="0" cb="0"/><line nr="935" mi="10" ci="0" mb="0" cb="0"/><line nr="936" mi="9" ci="0" mb="0" cb="0"/><line nr="938" mi="9" ci="0" mb="2" cb="0"/><line nr="939" mi="14" ci="0" mb="0" cb="0"/><line nr="940" mi="5" ci="0" mb="0" cb="0"/><line nr="941" mi="9" ci="0" mb="0" cb="0"/><line nr="943" mi="2" ci="0" mb="0" cb="0"/><line nr="944" mi="3" ci="0" mb="2" cb="0"/><line nr="945" mi="4" ci="0" mb="2" cb="0"/><line nr="946" mi="3" ci="0" mb="0" cb="0"/><line nr="949" mi="2" ci="0" mb="0" cb="0"/><line nr="950" mi="3" ci="0" mb="2" cb="0"/><line nr="951" mi="4" ci="0" mb="2" cb="0"/><line nr="952" mi="3" ci="0" mb="0" cb="0"/><line nr="956" mi="2" ci="0" mb="0" cb="0"/><line nr="957" mi="13" ci="0" mb="0" cb="0"/><line nr="958" mi="10" ci="0" mb="2" cb="0"/><line nr="959" mi="5" ci="0" mb="2" cb="0"/><line nr="960" mi="3" ci="0" mb="0" cb="0"/><line nr="961" mi="1" ci="0" mb="0" cb="0"/><line nr="963" mi="1" ci="0" mb="0" cb="0"/><line nr="965" mi="4" ci="0" mb="2" cb="0"/><line nr="966" mi="9" ci="0" mb="0" cb="0"/><line nr="970" mi="5" ci="0" mb="0" cb="0"/><line nr="972" mi="5" ci="0" mb="0" cb="0"/><line nr="974" mi="5" ci="0" mb="0" cb="0"/><line nr="976" mi="5" ci="0" mb="0" cb="0"/><line nr="978" mi="5" ci="0" mb="0" cb="0"/><line nr="980" mi="5" ci="0" mb="0" cb="0"/><line nr="982" mi="5" ci="0" mb="0" cb="0"/><line nr="984" mi="5" ci="0" mb="0" cb="0"/><line nr="986" mi="5" ci="0" mb="0" cb="0"/><line nr="988" mi="5" ci="0" mb="0" cb="0"/><line nr="990" mi="5" ci="0" mb="0" cb="0"/><line nr="992" mi="5" ci="0" mb="0" cb="0"/><line nr="994" mi="5" ci="0" mb="0" cb="0"/><line nr="996" mi="5" ci="0" mb="0" cb="0"/><line nr="998" mi="5" ci="0" mb="0" cb="0"/><line nr="1000" mi="5" ci="0" mb="0" cb="0"/><line nr="1002" mi="5" ci="0" mb="0" cb="0"/><line nr="1004" mi="5" ci="0" mb="0" cb="0"/><line nr="1006" mi="5" ci="0" mb="0" cb="0"/><line nr="1008" mi="5" ci="0" mb="0" cb="0"/><line nr="1010" mi="5" ci="0" mb="0" cb="0"/><line nr="1012" mi="9" ci="0" mb="0" cb="0"/><line nr="1015" mi="3" ci="0" mb="0" cb="0"/><line nr="1016" mi="1" ci="0" mb="0" cb="0"/><line nr="1017" mi="5" ci="0" mb="0" cb="0"/><line nr="1018" mi="4" ci="0" mb="0" cb="0"/><line nr="1020" mi="3" ci="0" mb="0" cb="0"/><line nr="1022" mi="4" ci="0" mb="0" cb="0"/><line nr="1023" mi="2" ci="0" mb="0" cb="0"/><line nr="1029" mi="0" ci="2" mb="0" cb="0"/><line nr="1030" mi="0" ci="13" mb="0" cb="0"/><line nr="1032" mi="0" ci="3" mb="0" cb="0"/><line nr="1033" mi="0" ci="13" mb="0" cb="0"/><line nr="1034" mi="0" ci="13" mb="0" cb="0"/><line nr="1035" mi="0" ci="13" mb="0" cb="0"/><line nr="1036" mi="0" ci="13" mb="0" cb="0"/><line nr="1037" mi="0" ci="13" mb="0" cb="0"/><line nr="1038" mi="0" ci="13" mb="0" cb="0"/><line nr="1039" mi="0" ci="13" mb="0" cb="0"/><line nr="1040" mi="0" ci="3" mb="0" cb="0"/><line nr="1041" mi="0" ci="5" mb="2" cb="2"/><line nr="1042" mi="0" ci="7" mb="0" cb="0"/><line nr="1043" mi="0" ci="3" mb="0" cb="0"/><line nr="1045" mi="0" ci="13" mb="0" cb="0"/><line nr="1046" mi="0" ci="3" mb="0" cb="0"/><line nr="1047" mi="1" ci="0" mb="0" cb="0"/><line nr="1048" mi="5" ci="0" mb="0" cb="0"/><line nr="1049" mi="2" ci="0" mb="0" cb="0"/><line nr="1051" mi="0" ci="3" mb="0" cb="0"/><line nr="1053" mi="0" ci="4" mb="1" cb="1"/><line nr="1054" mi="0" ci="2" mb="0" cb="0"/><line nr="1059" mi="3" ci="0" mb="0" cb="0"/><line nr="1060" mi="17" ci="0" mb="0" cb="0"/><line nr="1061" mi="17" ci="0" mb="0" cb="0"/><line nr="1062" mi="17" ci="0" mb="0" cb="0"/><line nr="1063" mi="17" ci="0" mb="0" cb="0"/><line nr="1064" mi="3" ci="0" mb="0" cb="0"/><line nr="1065" mi="1" ci="0" mb="0" cb="0"/><line nr="1066" mi="5" ci="0" mb="0" cb="0"/><line nr="1067" mi="4" ci="0" mb="0" cb="0"/><line nr="1069" mi="3" ci="0" mb="0" cb="0"/><line nr="1071" mi="3" ci="0" mb="0" cb="0"/><line nr="1072" mi="2" ci="0" mb="0" cb="0"/><line nr="1078" mi="6" ci="0" mb="2" cb="0"/><line nr="1079" mi="2" ci="0" mb="0" cb="0"/><line nr="1080" mi="1" ci="0" mb="0" cb="0"/><line nr="1085" mi="3" ci="0" mb="0" cb="0"/><line nr="1086" mi="3" ci="0" mb="0" cb="0"/><line nr="1088" mi="3" ci="0" mb="0" cb="0"/><line nr="1090" mi="3" ci="0" mb="0" cb="0"/><line nr="1092" mi="3" ci="0" mb="0" cb="0"/><line nr="1094" mi="3" ci="0" mb="0" cb="0"/><line nr="1103" mi="3" ci="0" mb="0" cb="0"/><line nr="1105" mi="3" ci="0" mb="0" cb="0"/><line nr="1107" mi="3" ci="0" mb="0" cb="0"/><line nr="1109" mi="3" ci="0" mb="0" cb="0"/><line nr="1119" mi="1" ci="0" mb="0" cb="0"/><line nr="1120" mi="5" ci="0" mb="0" cb="0"/><line nr="1121" mi="1" ci="0" mb="0" cb="0"/><line nr="1122" mi="1" ci="0" mb="0" cb="0"/><line nr="1127" mi="1" ci="0" mb="0" cb="0"/><line nr="1130" mi="6" ci="0" mb="0" cb="0"/><line nr="1131" mi="8" ci="0" mb="2" cb="0"/><line nr="1132" mi="6" ci="0" mb="0" cb="0"/><line nr="1133" mi="1" ci="0" mb="0" cb="0"/><line nr="1136" mi="0" ci="2" mb="0" cb="0"/><line nr="1137" mi="0" ci="11" mb="0" cb="0"/><line nr="1139" mi="0" ci="3" mb="0" cb="0"/><line nr="1140" mi="0" ci="5" mb="2" cb="2"/><line nr="1141" mi="9" ci="0" mb="2" cb="0"/><line nr="1142" mi="1" ci="0" mb="0" cb="0"/><line nr="1143" mi="5" ci="0" mb="0" cb="0"/><line nr="1144" mi="0" ci="1" mb="0" cb="0"/><line nr="1146" mi="0" ci="4" mb="0" cb="0"/><line nr="1147" mi="0" ci="5" mb="0" cb="0"/><line nr="1148" mi="0" ci="5" mb="0" cb="0"/><line nr="1149" mi="0" ci="5" mb="0" cb="0"/><line nr="1150" mi="8" ci="7" mb="5" cb="1"/><line nr="1151" mi="0" ci="32" mb="0" cb="0"/><line nr="1152" mi="0" ci="1" mb="0" cb="0"/><line nr="1155" mi="2" ci="0" mb="0" cb="0"/><line nr="1156" mi="1" ci="0" mb="0" cb="0"/><line nr="1162" mi="5" ci="0" mb="0" cb="0"/><line nr="1163" mi="3" ci="0" mb="0" cb="0"/><line nr="1164" mi="3" ci="0" mb="0" cb="0"/><line nr="1165" mi="1" ci="0" mb="0" cb="0"/><line nr="1175" mi="0" ci="5" mb="0" cb="0"/><line nr="1176" mi="0" ci="3" mb="0" cb="0"/><line nr="1177" mi="0" ci="3" mb="0" cb="0"/><line nr="1178" mi="0" ci="3" mb="0" cb="0"/><line nr="1179" mi="0" ci="3" mb="0" cb="0"/><line nr="1180" mi="0" ci="3" mb="0" cb="0"/><line nr="1181" mi="0" ci="1" mb="0" cb="0"/><line nr="1189" mi="0" ci="3" mb="0" cb="0"/><line nr="1191" mi="0" ci="5" mb="0" cb="0"/><line nr="1192" mi="0" ci="3" mb="0" cb="0"/><line nr="1193" mi="0" ci="3" mb="0" cb="0"/><line nr="1194" mi="0" ci="3" mb="0" cb="0"/><line nr="1195" mi="0" ci="3" mb="0" cb="0"/><line nr="1196" mi="0" ci="8" mb="2" cb="2"/><line nr="1197" mi="0" ci="8" mb="0" cb="0"/><line nr="1198" mi="3" ci="1" mb="0" cb="0"/><line nr="1200" mi="0" ci="1" mb="0" cb="0"/><counter type="INSTRUCTION" missed="2856" covered="1347"/><counter type="BRANCH" missed="325" covered="91"/><counter type="LINE" missed="521" covered="253"/><counter type="COMPLEXITY" missed="231" covered="33"/><counter type="METHOD" missed="28" covered="28"/><counter type="CLASS" missed="1" covered="3"/></sourcefile><sourcefile name="Utils.java"><line nr="9" mi="0" ci="3" mb="0" cb="0"/><line nr="12" mi="0" ci="3" mb="0" cb="0"/><line nr="13" mi="0" ci="5" mb="0" cb="0"/><line nr="14" mi="0" ci="2" mb="1" cb="1"/><line nr="16" mi="2" ci="0" mb="0" cb="0"/><line nr="19" mi="0" ci="3" mb="0" cb="0"/><line nr="20" mi="0" ci="2" mb="1" cb="1"/><line nr="22" mi="0" ci="8" mb="1" cb="1"/><line nr="23" mi="0" ci="6" mb="0" cb="2"/><line nr="24" mi="0" ci="2" mb="0" cb="0"/><line nr="33" mi="2" ci="0" mb="0" cb="0"/><counter type="INSTRUCTION" missed="4" covered="34"/><counter type="BRANCH" missed="3" covered="5"/><counter type="LINE" missed="2" covered="9"/><counter type="COMPLEXITY" missed="3" covered="3"/><counter type="METHOD" missed="0" covered="2"/><counter type="CLASS" missed="0" covered="1"/></sourcefile><sourcefile name="SwipeDetect.java"><line nr="9" mi="0" ci="2" mb="0" cb="0"/><line nr="11" mi="0" ci="4" mb="0" cb="0"/><line nr="14" mi="0" ci="3" mb="1" cb="2"/><line nr="16" mi="0" ci="4" mb="0" cb="0"/><line nr="17" mi="0" ci="5" mb="0" cb="0"/><line nr="18" mi="0" ci="5" mb="0" cb="0"/><line nr="19" mi="0" ci="3" mb="0" cb="0"/><line nr="20" mi="0" ci="1" mb="0" cb="0"/><line nr="22" mi="7" ci="0" mb="0" cb="0"/><line nr="23" mi="7" ci="0" mb="0" cb="0"/><line nr="24" mi="7" ci="0" mb="2" cb="0"/><line nr="25" mi="7" ci="0" mb="2" cb="0"/><line nr="27" mi="11" ci="0" mb="6" cb="0"/><line nr="28" mi="6" ci="0" mb="2" cb="0"/><line nr="29" mi="2" ci="0" mb="0" cb="0"/><line nr="31" mi="2" ci="0" mb="2" cb="0"/><line nr="32" mi="4" ci="0" mb="2" cb="0"/><line nr="33" mi="4" ci="0" mb="0" cb="0"/><line nr="34" mi="6" ci="0" mb="4" cb="0"/><line nr="35" mi="4" ci="0" mb="0" cb="0"/><line nr="36" mi="4" ci="0" mb="0" cb="0"/><line nr="39" mi="2" ci="0" mb="2" cb="0"/><line nr="40" mi="4" ci="0" mb="0" cb="0"/><line nr="41" mi="3" ci="0" mb="0" cb="0"/><line nr="44" mi="2" ci="0" mb="0" cb="0"/><line nr="47" mi="0" ci="2" mb="0" cb="0"/><counter type="INSTRUCTION" missed="82" covered="29"/><counter type="BRANCH" missed="23" covered="2"/><counter type="LINE" missed="17" covered="9"/><counter type="COMPLEXITY" missed="12" covered="3"/><counter type="METHOD" missed="0" covered="2"/><counter type="CLASS" missed="0" covered="1"/></sourcefile><sourcefile name="Update.java"><line nr="10" mi="0" ci="3" mb="0" cb="0"/><line nr="12" mi="0" ci="2" mb="0" cb="0"/><line nr="13" mi="0" ci="3" mb="0" cb="0"/><line nr="14" mi="0" ci="1" mb="0" cb="0"/><line nr="17" mi="2" ci="8" mb="1" cb="1"/><line nr="21" mi="3" ci="0" mb="0" cb="0"/><line nr="22" mi="2" ci="0" mb="0" cb="0"/><line nr="23" mi="8" ci="0" mb="4" cb="0"/><line nr="24" mi="3" ci="0" mb="0" cb="0"/><line nr="25" mi="3" ci="0" mb="0" cb="0"/><line nr="27" mi="4" ci="0" mb="2" cb="0"/><line nr="28" mi="3" ci="0" mb="0" cb="0"/><line nr="29" mi="3" ci="0" mb="0" cb="0"/><line nr="31" mi="4" ci="0" mb="2" cb="0"/><line nr="32" mi="3" ci="0" mb="0" cb="0"/><line nr="33" mi="3" ci="0" mb="0" cb="0"/><line nr="35" mi="4" ci="0" mb="2" cb="0"/><line nr="36" mi="3" ci="0" mb="0" cb="0"/><line nr="38" mi="4" ci="0" mb="2" cb="0"/><line nr="39" mi="3" ci="0" mb="0" cb="0"/><line nr="41" mi="2" ci="0" mb="0" cb="0"/><line nr="45" mi="0" ci="2" mb="0" cb="0"/><line nr="47" mi="0" ci="5" mb="0" cb="0"/><line nr="48" mi="0" ci="5" mb="2" cb="2"/><line nr="49" mi="0" ci="4" mb="0" cb="0"/><line nr="50" mi="0" ci="11" mb="0" cb="0"/><line nr="51" mi="0" ci="2" mb="0" cb="0"/><line nr="53" mi="2" ci="0" mb="0" cb="0"/><line nr="54" mi="1" ci="0" mb="0" cb="0"/><line nr="55" mi="5" ci="0" mb="0" cb="0"/><line nr="56" mi="1" ci="0" mb="0" cb="0"/><line nr="57" mi="5" ci="0" mb="0" cb="0"/><line nr="58" mi="4" ci="0" mb="0" cb="0"/><line nr="59" mi="2" ci="0" mb="0" cb="0"/><line nr="63" mi="4" ci="0" mb="0" cb="0"/><line nr="65" mi="5" ci="0" mb="0" cb="0"/><line nr="66" mi="5" ci="0" mb="0" cb="0"/><line nr="67" mi="2" ci="0" mb="0" cb="0"/><line nr="68" mi="1" ci="0" mb="0" cb="0"/><line nr="69" mi="4" ci="0" mb="0" cb="0"/><line nr="70" mi="2" ci="0" mb="0" cb="0"/><line nr="71" mi="2" ci="0" mb="0" cb="0"/><line nr="76" mi="4" ci="0" mb="0" cb="0"/><line nr="78" mi="5" ci="0" mb="0" cb="0"/><line nr="79" mi="5" ci="0" mb="0" cb="0"/><line nr="80" mi="5" ci="0" mb="0" cb="0"/><line nr="81" mi="5" ci="0" mb="0" cb="0"/><line nr="82" mi="5" ci="0" mb="0" cb="0"/><line nr="83" mi="5" ci="0" mb="0" cb="0"/><line nr="84" mi="2" ci="0" mb="0" cb="0"/><line nr="85" mi="1" ci="0" mb="0" cb="0"/><line nr="86" mi="4" ci="0" mb="0" cb="0"/><line nr="87" mi="2" ci="0" mb="0" cb="0"/><line nr="88" mi="2" ci="0" mb="0" cb="0"/><line nr="93" mi="4" ci="0" mb="0" cb="0"/><line nr="95" mi="5" ci="0" mb="0" cb="0"/><line nr="96" mi="5" ci="0" mb="0" cb="0"/><line nr="97" mi="2" ci="0" mb="0" cb="0"/><line nr="98" mi="1" ci="0" mb="0" cb="0"/><line nr="99" mi="4" ci="0" mb="0" cb="0"/><line nr="100" mi="2" ci="0" mb="0" cb="0"/><line nr="101" mi="2" ci="0" mb="0" cb="0"/><line nr="106" mi="4" ci="0" mb="0" cb="0"/><line nr="108" mi="6" ci="0" mb="2" cb="0"/><line nr="109" mi="5" ci="0" mb="0" cb="0"/><line nr="110" mi="2" ci="0" mb="0" cb="0"/><line nr="111" mi="1" ci="0" mb="0" cb="0"/><line nr="112" mi="4" ci="0" mb="0" cb="0"/><line nr="113" mi="2" ci="0" mb="0" cb="0"/><line nr="114" mi="2" ci="0" mb="0" cb="0"/><line nr="119" mi="4" ci="0" mb="0" cb="0"/><line nr="121" mi="5" ci="0" mb="0" cb="0"/><line nr="122" mi="5" ci="0" mb="0" cb="0"/><line nr="123" mi="2" ci="0" mb="0" cb="0"/><line nr="124" mi="1" ci="0" mb="0" cb="0"/><line nr="125" mi="4" ci="0" mb="0" cb="0"/><line nr="126" mi="2" ci="0" mb="0" cb="0"/><line nr="127" mi="2" ci="0" mb="0" cb="0"/><counter type="INSTRUCTION" missed="223" covered="46"/><counter type="BRANCH" missed="17" covered="3"/><counter type="LINE" missed="67" covered="11"/><counter type="COMPLEXITY" missed="16" covered="3"/><counter type="METHOD" missed="6" covered="3"/><counter type="CLASS" missed="0" covered="1"/></sourcefile><counter type="INSTRUCTION" missed="3165" covered="1456"/><counter type="BRANCH" missed="368" covered="101"/><counter type="LINE" missed="607" covered="282"/><counter type="COMPLEXITY" missed="262" covered="42"/><counter type="METHOD" missed="34" covered="35"/><counter type="CLASS" missed="1" covered="6"/></package><package name="nl/asymmetrics/droidshows/thetvdb/utils"><class name="nl/asymmetrics/droidshows/thetvdb/utils/XMLHandler" sourcefilename="XMLHandler.java"><method name="&lt;init&gt;" desc="()V" line="10"><counter type="INSTRUCTION" missed="0" covered="11"/><counter type="LINE" missed="0" covered="3"/><counter type="COMPLEXITY" missed="0" covered="1"/><counter type="METHOD" missed="0" covered="1"/></method><method name="getParsedData" desc="()Ljava/util/List;" line="16"><counter type="INSTRUCTION" missed="0" covered="3"/><counter type="LINE" missed="0" covered="1"/><counter type="COMPLEXITY" missed="0" covered="1"/><counter type="METHOD" missed="0" covered="1"/></method><method name="startDocument" desc="()V" line="24"><counter type="INSTRUCTION" missed="0" covered="6"/><counter type="LINE" missed="0" covered="2"/><counter type="COMPLEXITY" missed="0" covered="1"/><counter type="METHOD" missed="0" covered="1"/></method><method name="endDocument" desc="()V" line="30"><counter type="INSTRUCTION" missed="0" covered="1"/><counter type="LINE" missed="0" covered="1"/><counter type="COMPLEXITY" missed="0" covered="1"/><counter type="METHOD" missed="0" covered="1"/></method><method name="startElement" desc="(Ljava/lang/String;Ljava/lang/String;Ljava/lang/String;Lorg/xml/sax/Attributes;)V" line="38"><counter type="INSTRUCTION" missed="0" covered="18"/><counter type="LINE" missed="0" covered="3"/><counter type="COMPLEXITY" missed="0" covered="1"/><counter type="METHOD" missed="0" covered="1"/></method><method name="endElement" desc="(Ljava/lang/String;Ljava/lang/String;Ljava/lang/String;)V" line="46"><counter type="INSTRUCTION" missed="0" covered="40"/><counter type="BRANCH" missed="0" covered="2"/><counter type="LINE" missed="0" covered="5"/><counter type="COMPLEXITY" missed="0" covered="2"/><counter type="METHOD" missed="0" covered="1"/></method><method name="characters" desc="([CII)V" line="56"><counter type="INSTRUCTION" missed="0" covered="45"/><counter type="BRANCH" missed="0" covered="2"/><counter type="LINE" missed="0" covered="6"/><counter type="COMPLEXITY" missed="0" covered="2"/><counter type="METHOD" missed="0" covered="1"/></method><counter type="INSTRUCTION" missed="0" covered="124"/><counter type="BRANCH" missed="0" covered="4"/><counter type="LINE" missed="0" covered="21"/><counter type="COMPLEXITY" missed="0" covered="9"/><counter type="METHOD" missed="0" covered="7"/><counter type="CLASS" missed="0" covered="1"/></class><class name="nl/asymmetrics/droidshows/thetvdb/utils/XMLParser" sourcefilename="XMLParser.java"><method name="&lt;init&gt;" desc="()V" line="21"><counter type="INSTRUCTION" missed="0" covered="3"/><counter type="LINE" missed="0" covered="1"/><counter type="COMPLEXITY" missed="0" covered="1"/><counter type="METHOD" missed="0" covered="1"/></method><method name="parse" desc="(Ljava/lang/String;)Ljava/util/List;" line="24"><counter type="INSTRUCTION" missed="7" covered="58"/><counter type="BRANCH" missed="1" covered="1"/><counter type="LINE" missed="3" covered="17"/><counter type="COMPLEXITY" missed="1" covered="1"/><counter type="METHOD" missed="0" covered="1"/></method><counter type="INSTRUCTION" missed="7" covered="61"/><counter type="BRANCH" missed="1" covered="1"/><counter type="LINE" missed="3" covered="18"/><counter type="COMPLEXITY" missed="1" covered="2"/><counter type="METHOD" missed="0" covered="2"/><counter type="CLASS" missed="0" covered="1"/></class><sourcefile name="XMLParser.java"><line nr="21" mi="0" ci="3" mb="0" cb="0"/><line nr="24" mi="0" ci="5" mb="0" cb="0"/><line nr="26" mi="0" ci="2" mb="0" cb="0"/><line nr="27" mi="0" ci="3" mb="0" cb="0"/><line nr="29" mi="0" ci="3" mb="0" cb="0"/><line nr="31" mi="0" ci="4" mb="0" cb="0"/><line nr="32" mi="0" ci="3" mb="0" cb="0"/><line nr="34" mi="0" ci="4" mb="0" cb="0"/><line nr="35" mi="0" ci="3" mb="0" cb="0"/><line nr="36" mi="0" ci="3" mb="0" cb="0"/><line nr="37" mi="0" ci="3" mb="0" cb="0"/><line nr="38" mi="0" ci="4" mb="1" cb="1"/><line nr="39" mi="0" ci="6" mb="0" cb="0"/><line nr="40" mi="0" ci="5" mb="0" cb="0"/><line nr="41" mi="0" ci="3" mb="0" cb="0"/><line nr="43" mi="0" ci="2" mb="0" cb="0"/><line nr="45" mi="0" ci="3" mb="0" cb="0"/><line nr="47" mi="0" ci="2" mb="0" cb="0"/><line nr="48" mi="1" ci="0" mb="0" cb="0"/><line nr="49" mi="4" ci="0" mb="0" cb="0"/><line nr="50" mi="2" ci="0" mb="0" cb="0"/><counter type="INSTRUCTION" missed="7" covered="61"/><counter type="BRANCH" missed="1" covered="1"/><counter type="LINE" missed="3" covered="18"/><counter type="COMPLEXITY" missed="1" covered="2"/><counter type="METHOD" missed="0" covered="2"/><counter type="CLASS" missed="0" covered="1"/></sourcefile><sourcefile name="XMLHandler.java"><line nr="10" mi="0" ci="2" mb="0" cb="0"/><line nr="12" mi="0" ci="5" mb="0" cb="0"/><line nr="13" mi="0" ci="4" mb="0" cb="0"/><line nr="16" mi="0" ci="3" mb="0" cb="0"/><line nr="24" mi="0" ci="5" mb="0" cb="0"/><line nr="25" mi="0" ci="1" mb="0" cb="0"/><line nr="30" mi="0" ci="1" mb="0" cb="0"/><line nr="38" mi="0" ci="3" mb="0" cb="0"/><line nr="39" mi="0" ci="14" mb="0" cb="0"/><line nr="40" mi="0" ci="1" mb="0" cb="0"/><line nr="46" mi="0" ci="3" mb="0" cb="2"/><line nr="47" mi="0" ci="19" mb="0" cb="0"/><line nr="48" mi="0" ci="3" mb="0" cb="0"/><line nr="49" mi="0" ci="14" mb="0" cb="0"/><line nr="50" mi="0" ci="1" mb="0" cb="0"/><line nr="56" mi="0" ci="7" mb="0" cb="0"/><line nr="57" mi="0" ci="3" mb="0" cb="2"/><line nr="58" mi="0" ci="26" mb="0" cb="0"/><line nr="60" mi="0" ci="5" mb="0" cb="0"/><line nr="62" mi="0" ci="3" mb="0" cb="0"/><line nr="63" mi="0" ci="1" mb="0" cb="0"/><counter type="INSTRUCTION" missed="0" covered="124"/><counter type="BRANCH" missed="0" covered="4"/><counter type="LINE" missed="0" covered="21"/><counter type="COMPLEXITY" missed="0" covered="9"/><counter type="METHOD" missed="0" covered="7"/><counter type="CLASS" missed="0" covered="1"/></sourcefile><counter type="INSTRUCTION" missed="7" covered="185"/><counter type="BRANCH" missed="1" covered="5"/><counter type="LINE" missed="3" covered="39"/><counter type="COMPLEXITY" missed="1" covered="11"/><counter type="METHOD" missed="0" covered="9"/><counter type="CLASS" missed="0" covered="2"/></package><package name="org/apache/commons/io"><class name="org/apache/commons/io/FileUtils" sourcefilename="FileUtils.java"><method name="&lt;init&gt;" desc="()V" line="25"><counter type="INSTRUCTION" missed="3" covered="0"/><counter type="LINE" missed="1" covered="0"/><counter type="COMPLEXITY" missed="1" covered="0"/><counter type="METHOD" missed="1" covered="0"/></method><method name="openOutputStream" desc="(Ljava/io/File;)Ljava/io/FileOutputStream;" line="27"><counter type="INSTRUCTION" missed="51" covered="16"/><counter type="BRANCH" missed="9" covered="3"/><counter type="LINE" missed="6" covered="4"/><counter type="COMPLEXITY" missed="6" covered="1"/><counter type="METHOD" missed="0" covered="1"/></method><method name="copyURLToFile" desc="(Ljava/net/URL;Ljava/io/File;)V" line="46"><counter type="INSTRUCTION" missed="0" covered="15"/><counter type="LINE" missed="0" covered="6"/><counter type="COMPLEXITY" missed="0" covered="1"/><counter type="METHOD" missed="0" covered="1"/></method><counter type="INSTRUCTION" missed="54" covered="31"/><counter type="BRANCH" missed="9" covered="3"/><counter type="LINE" missed="7" covered="10"/><counter type="COMPLEXITY" missed="7" covered="2"/><counter type="METHOD" missed="1" covered="2"/><counter type="CLASS" missed="0" covered="1"/></class><class name="org/apache/commons/io/IOUtils" sourcefilename="IOUtils.java"><method name="&lt;init&gt;" desc="()V" line="31"><counter type="INSTRUCTION" missed="3" covered="0"/><counter type="LINE" missed="2" covered="0"/><counter type="COMPLEXITY" missed="1" covered="0"/><counter type="METHOD" missed="1" covered="0"/></method><method name="closeQuietly" desc="(Ljava/io/InputStream;)V" line="44"><counter type="INSTRUCTION" missed="1" covered="6"/><counter type="BRANCH" missed="1" covered="1"/><counter type="LINE" missed="0" covered="4"/><counter type="COMPLEXITY" missed="1" covered="1"/><counter type="METHOD" missed="0" covered="1"/></method><method name="closeQuietly" desc="(Ljava/io/OutputStream;)V" line="60"><counter type="INSTRUCTION" missed="1" covered="6"/><counter type="BRANCH" missed="1" covered="1"/><counter type="LINE" missed="1" covered="4"/><counter type="COMPLEXITY" missed="1" covered="1"/><counter type="METHOD" missed="0" covered="1"/></method><method name="toByteArray" desc="(Ljava/io/InputStream;)[B" line="82"><counter type="INSTRUCTION" missed="11" covered="0"/><counter type="LINE" missed="3" covered="0"/><counter type="COMPLEXITY" missed="1" covered="0"/><counter type="METHOD" missed="1" covered="0"/></method><method name="copy" desc="(Ljava/io/InputStream;Ljava/io/OutputStream;)I" line="110"><counter type="INSTRUCTION" missed="2" covered="11"/><counter type="BRANCH" missed="1" covered="1"/><counter type="LINE" missed="1" covered="3"/><counter type="COMPLEXITY" missed="1" covered="1"/><counter type="METHOD" missed="0" covered="1"/></method><method name="copyLarge" desc="(Ljava/io/InputStream;Ljava/io/OutputStream;)J" line="133"><counter type="INSTRUCTION" missed="0" covered="27"/><counter type="BRANCH" missed="0" covered="2"/><counter type="LINE" missed="0" covered="7"/><counter type="COMPLEXITY" missed="0" covered="2"/><counter type="METHOD" missed="0" covered="1"/></method><counter type="INSTRUCTION" missed="18" covered="50"/><counter type="BRANCH" missed="3" covered="5"/><counter type="LINE" missed="7" covered="18"/><counter type="COMPLEXITY" missed="5" covered="5"/><counter type="METHOD" missed="2" covered="4"/><counter type="CLASS" missed="0" covered="1"/></class><sourcefile name="IOUtils.java"><line nr="31" mi="2" ci="0" mb="0" cb="0"/><line nr="32" mi="1" ci="0" mb="0" cb="0"/><line nr="44" mi="0" ci="2" mb="1" cb="1"/><line nr="45" mi="0" ci="2" mb="0" cb="0"/><line nr="47" mi="1" ci="1" mb="0" cb="0"/><line nr="48" mi="0" ci="1" mb="0" cb="0"/><line nr="60" mi="0" ci="2" mb="1" cb="1"/><line nr="61" mi="0" ci="2" mb="0" cb="0"/><line nr="63" mi="1" ci="0" mb="0" cb="0"/><line nr="65" mi="0" ci="1" mb="0" cb="0"/><line nr="66" mi="0" ci="1" mb="0" cb="0"/><line nr="82" mi="4" ci="0" mb="0" cb="0"/><line nr="83" mi="4" ci="0" mb="0" cb="0"/><line nr="84" mi="3" ci="0" mb="0" cb="0"/><line nr="110" mi="0" ci="4" mb="0" cb="0"/><line nr="111" mi="0" ci="4" mb="1" cb="1"/><line nr="112" mi="2" ci="0" mb="0" cb="0"/><line nr="114" mi="0" ci="3" mb="0" cb="0"/><line nr="133" mi="0" ci="3" mb="0" cb="0"/><line nr="134" mi="0" ci="2" mb="0" cb="0"/><line nr="135" mi="0" ci="2" mb="0" cb="0"/><line nr="136" mi="0" ci="7" mb="0" cb="2"/><line nr="137" mi="0" ci="5" mb="0" cb="0"/><line nr="138" mi="0" ci="6" mb="0" cb="0"/><line nr="140" mi="0" ci="2" mb="0" cb="0"/><counter type="INSTRUCTION" missed="18" covered="50"/><counter type="BRANCH" missed="3" covered="5"/><counter type="LINE" missed="7" covered="18"/><counter type="COMPLEXITY" missed="5" covered="5"/><counter type="METHOD" missed="2" covered="4"/><counter type="CLASS" missed="0" covered="1"/></sourcefile><sourcefile name="FileUtils.java"><line nr="25" mi="3" ci="0" mb="0" cb="0"/><line nr="27" mi="0" ci="3" mb="1" cb="1"/><line nr="28" mi="3" ci="0" mb="2" cb="0"/><line nr="29" mi="14" ci="0" mb="0" cb="0"/><line nr="31" mi="3" ci="0" mb="2" cb="0"/><line nr="32" mi="14" ci="0" mb="0" cb="0"/><line nr="35" mi="0" ci="3" mb="0" cb="0"/><line nr="36" mi="0" ci="5" mb="2" cb="2"/><line nr="37" mi="3" ci="0" mb="2" cb="0"/><line nr="38" mi="14" ci="0" mb="0" cb="0"/><line nr="42" mi="0" ci="5" mb="0" cb="0"/><line nr="46" mi="0" ci="3" mb="0" cb="0"/><line nr="48" mi="0" ci="3" mb="0" cb="0"/><line nr="50" mi="0" ci="4" mb="0" cb="0"/><line nr="52" mi="0" ci="2" mb="0" cb="0"/><line nr="55" mi="0" ci="2" mb="0" cb="0"/><line nr="57" mi="0" ci="1" mb="0" cb="0"/><counter type="INSTRUCTION" missed="54" covered="31"/><counter type="BRANCH" missed="9" covered="3"/><counter type="LINE" missed="7" covered="10"/><counter type="COMPLEXITY" missed="7" covered="2"/><counter type="METHOD" missed="1" covered="2"/><counter type="CLASS" missed="0" covered="1"/></sourcefile><counter type="INSTRUCTION" missed="72" covered="81"/><counter type="BRANCH" missed="12" covered="8"/><counter type="LINE" missed="14" covered="28"/><counter type="COMPLEXITY" missed="12" covered="7"/><counter type="METHOD" missed="3" covered="6"/><counter type="CLASS" missed="0" covered="2"/></package><package name="nl/asymmetrics/droidshows/thetvdb/model"><class name="nl/asymmetrics/droidshows/thetvdb/model/TVShowItem" sourcefilename="TVShowItem.java"><method name="&lt;init&gt;" desc="(Ljava/lang/String;Ljava/lang/String;Ljava/lang/String;Landroid/graphics/drawable/Drawable;Ljava/lang/String;ILjava/lang/String;Ljava/util/Date;IIZLjava/lang/String;Ljava/lang/String;Z)V" line="24"><counter type="INSTRUCTION" missed="0" covered="48"/><counter type="LINE" missed="0" covered="17"/><counter type="COMPLEXITY" missed="0" covered="1"/><counter type="METHOD" missed="0" covered="1"/></method><method name="getSerieId" desc="()Ljava/lang/String;" line="47"><counter type="INSTRUCTION" missed="0" covered="3"/><counter type="LINE" missed="0" covered="1"/><counter type="COMPLEXITY" missed="0" covered="1"/><counter type="METHOD" missed="0" covered="1"/></method><method name="getLanguage" desc="()Ljava/lang/String;" line="51"><counter type="INSTRUCTION" missed="0" covered="3"/><counter type="LINE" missed="0" covered="1"/><counter type="COMPLEXITY" missed="0" covered="1"/><counter type="METHOD" missed="0" covered="1"/></method><method name="getIcon" desc="()Ljava/lang/String;" line="55"><counter type="INSTRUCTION" missed="0" covered="3"/><counter type="LINE" missed="0" covered="1"/><counter type="COMPLEXITY" missed="0" covered="1"/><counter type="METHOD" missed="0" covered="1"/></method><method name="setIcon" desc="(Ljava/lang/String;)V" line="59"><counter type="INSTRUCTION" missed="4" covered="0"/><counter type="LINE" missed="2" covered="0"/><counter type="COMPLEXITY" missed="1" covered="0"/><counter type="METHOD" missed="1" covered="0"/></method><method name="getName" desc="()Ljava/lang/String;" line="63"><counter type="INSTRUCTION" missed="0" covered="3"/><counter type="LINE" missed="0" covered="1"/><counter type="COMPLEXITY" missed="0" covered="1"/><counter type="METHOD" missed="0" c
[...]
"0"/><line nr="205" mi="0" ci="6" mb="0" cb="0"/><line nr="206" mi="0" ci="6" mb="0" cb="0"/><line nr="207" mi="0" ci="6" mb="0" cb="0"/><line nr="208" mi="0" ci="6" mb="0" cb="0"/><line nr="209" mi="0" ci="6" mb="0" cb="0"/><line nr="210" mi="0" ci="6" mb="0" cb="0"/><line nr="211" mi="0" ci="6" mb="0" cb="0"/><line nr="212" mi="0" ci="6" mb="0" cb="0"/><line nr="213" mi="0" ci="6" mb="0" cb="0"/><line nr="215" mi="0" ci="3" mb="0" cb="0"/><line nr="216" mi="0" ci="5" mb="0" cb="0"/><line nr="217" mi="0" ci="3" mb="0" cb="0"/><line nr="218" mi="0" ci="1" mb="0" cb="0"/><line nr="222" mi="0" ci="2" mb="0" cb="2"/><line nr="223" mi="0" ci="7" mb="0" cb="0"/><line nr="224" mi="0" ci="4" mb="0" cb="0"/><line nr="225" mi="0" ci="6" mb="0" cb="0"/><line nr="226" mi="0" ci="6" mb="0" cb="0"/><line nr="227" mi="0" ci="6" mb="0" cb="0"/><line nr="228" mi="0" ci="6" mb="0" cb="0"/><line nr="229" mi="0" ci="4" mb="0" cb="0"/><line nr="231" mi="0" ci="4" mb="0" cb="0"/><line nr="232" mi="0" ci="4" mb="0" cb="0"/><line nr="233" mi="0" ci="4" mb="0" cb="0"/><line nr="235" mi="0" ci="6" mb="0" cb="0"/><line nr="236" mi="0" ci="3" mb="0" cb="0"/><line nr="237" mi="0" ci="3" mb="0" cb="0"/><line nr="238" mi="0" ci="3" mb="1" cb="1"/><line nr="239" mi="0" ci="5" mb="0" cb="0"/><line nr="241" mi="0" ci="3" mb="1" cb="1"/><line nr="242" mi="0" ci="19" mb="0" cb="0"/><line nr="244" mi="0" ci="2" mb="0" cb="2"/><line nr="245" mi="0" ci="2" mb="0" cb="0"/><line nr="246" mi="2" ci="18" mb="1" cb="1"/><line nr="247" mi="0" ci="2" mb="1" cb="1"/><line nr="248" mi="0" ci="8" mb="0" cb="2"/><line nr="249" mi="0" ci="22" mb="0" cb="0"/><line nr="251" mi="16" ci="0" mb="2" cb="0"/><line nr="252" mi="0" ci="11" mb="0" cb="0"/><line nr="254" mi="0" ci="4" mb="0" cb="0"/><line nr="256" mi="0" ci="3" mb="1" cb="1"/><line nr="257" mi="0" ci="2" mb="1" cb="1"/><line nr="258" mi="5" ci="0" mb="0" cb="0"/><line nr="259" mi="5" ci="0" mb="0" cb="0"/><line nr="260" mi="0" ci="2" mb="0" cb="2"/><line nr="261" mi="2" ci="10" mb="1" cb="1"/><line nr="262" mi="0" ci="4" mb="0" cb="0"/><line nr="263" mi="0" ci="2" mb="0" cb="0"/><line nr="264" mi="1" ci="14" mb="2" cb="2"/><line nr="267" mi="0" ci="3" mb="1" cb="1"/><line nr="268" mi="0" ci="3" mb="1" cb="1"/><line nr="269" mi="0" ci="4" mb="0" cb="0"/><line nr="270" mi="0" ci="4" mb="0" cb="0"/><line nr="272" mi="0" ci="2" mb="0" cb="0"/><line nr="275" mi="0" ci="3" mb="0" cb="0"/><line nr="285" mi="0" ci="2" mb="0" cb="0"/><line nr="286" mi="0" ci="4" mb="0" cb="0"/><line nr="287" mi="0" ci="1" mb="0" cb="0"/><counter type="INSTRUCTION" missed="177" covered="658"/><counter type="BRANCH" missed="27" covered="33"/><counter type="LINE" missed="31" covered="129"/><counter type="COMPLEXITY" missed="26" covered="22"/><counter type="METHOD" missed="3" covered="14"/><counter type="CLASS" missed="0" covered="5"/></sourcefile><sourcefile name="SerieEpisodes.java"><line nr="39" mi="0" ci="2" mb="0" cb="0"/><line nr="45" mi="0" ci="3" mb="0" cb="0"/><line nr="47" mi="0" ci="5" mb="0" cb="0"/><line nr="51" mi="0" ci="3" mb="0" cb="0"/><line nr="52" mi="0" ci="4" mb="0" cb="0"/><line nr="61" mi="0" ci="4" mb="0" cb="0"/><line nr="62" mi="0" ci="3" mb="0" cb="0"/><line nr="63" mi="0" ci="3" mb="0" cb="0"/><line nr="64" mi="0" ci="4" mb="0" cb="0"/><line nr="65" mi="0" ci="6" mb="0" cb="0"/><line nr="66" mi="0" ci="7" mb="0" cb="0"/><line nr="67" mi="0" ci="7" mb="0" cb="0"/><line nr="68" mi="0" ci="7" mb="0" cb="0"/><line nr="69" mi="4" ci="28" mb="1" cb="1"/><line nr="70" mi="0" ci="11" mb="0" cb="0"/><line nr="71" mi="0" ci="10" mb="0" cb="0"/><line nr="72" mi="0" ci="4" mb="0" cb="0"/><line nr="73" mi="0" ci="4" mb="0" cb="0"/><line nr="74" mi="0" ci="5" mb="0" cb="0"/><line nr="75" mi="0" ci="4" mb="0" cb="0"/><line nr="76" mi="0" ci="6" mb="1" cb="1"/><line nr="77" mi="0" ci="15" mb="0" cb="0"/><line nr="78" mi="0" ci="1" mb="0" cb="0"/><line nr="82" mi="5" ci="0" mb="0" cb="0"/><line nr="83" mi="9" ci="0" mb="0" cb="0"/><line nr="84" mi="9" ci="0" mb="0" cb="0"/><line nr="85" mi="9" ci="0" mb="0" cb="0"/><line nr="86" mi="1" ci="0" mb="0" cb="0"/><line nr="89" mi="4" ci="0" mb="0" cb="0"/><line nr="90" mi="3" ci="0" mb="4" cb="0"/><line nr="92" mi="4" ci="0" mb="0" cb="0"/><line nr="93" mi="2" ci="0" mb="0" cb="0"/><line nr="95" mi="4" ci="0" mb="0" cb="0"/><line nr="96" mi="2" ci="0" mb="0" cb="0"/><line nr="98" mi="13" ci="0" mb="2" cb="0"/><line nr="99" mi="6" ci="0" mb="0" cb="0"/><line nr="100" mi="6" ci="0" mb="0" cb="0"/><line nr="101" mi="3" ci="0" mb="0" cb="0"/><line nr="102" mi="2" ci="0" mb="0" cb="0"/><line nr="104" mi="4" ci="0" mb="0" cb="0"/><line nr="109" mi="3" ci="0" mb="0" cb="0"/><line nr="110" mi="1" ci="0" mb="0" cb="0"/><line nr="114" mi="1" ci="4" mb="1" cb="1"/><line nr="115" mi="0" ci="2" mb="1" cb="1"/><line nr="117" mi="5" ci="0" mb="0" cb="0"/><line nr="118" mi="8" ci="0" mb="2" cb="0"/><line nr="119" mi="5" ci="0" mb="0" cb="0"/><line nr="120" mi="1" ci="0" mb="0" cb="0"/><line nr="121" mi="12" ci="0" mb="0" cb="0"/><line nr="122" mi="2" ci="0" mb="0" cb="0"/><line nr="125" mi="0" ci="3" mb="0" cb="0"/><line nr="126" mi="1" ci="0" mb="0" cb="0"/><line nr="127" mi="5" ci="0" mb="0" cb="0"/><line nr="128" mi="0" ci="1" mb="0" cb="0"/><line nr="130" mi="0" ci="1" mb="0" cb="0"/><line nr="135" mi="0" ci="7" mb="0" cb="0"/><line nr="136" mi="0" ci="8" mb="0" cb="0"/><line nr="138" mi="0" ci="6" mb="0" cb="0"/><line nr="139" mi="2" ci="19" mb="1" cb="1"/><line nr="141" mi="0" ci="3" mb="0" cb="0"/><line nr="142" mi="0" ci="5" mb="0" cb="0"/><line nr="143" mi="0" ci="3" mb="0" cb="0"/><line nr="144" mi="0" ci="1" mb="0" cb="0"/><line nr="150" mi="0" ci="2" mb="0" cb="2"/><line nr="151" mi="0" ci="7" mb="0" cb="0"/><line nr="153" mi="0" ci="4" mb="0" cb="0"/><line nr="154" mi="0" ci="6" mb="0" cb="0"/><line nr="155" mi="0" ci="6" mb="0" cb="0"/><line nr="156" mi="0" ci="6" mb="0" cb="0"/><line nr="157" mi="0" ci="6" mb="0" cb="0"/><line nr="158" mi="0" ci="13" mb="0" cb="0"/><line nr="160" mi="10" ci="0" mb="0" cb="0"/><line nr="161" mi="2" ci="0" mb="0" cb="0"/><line nr="165" mi="0" ci="4" mb="0" cb="0"/><line nr="167" mi="0" ci="4" mb="0" cb="0"/><line nr="170" mi="0" ci="6" mb="0" cb="0"/><line nr="172" mi="0" ci="3" mb="1" cb="1"/><line nr="173" mi="0" ci="11" mb="0" cb="0"/><line nr="174" mi="0" ci="4" mb="0" cb="0"/><line nr="177" mi="0" ci="3" mb="1" cb="1"/><line nr="178" mi="0" ci="4" mb="1" cb="1"/><line nr="179" mi="0" ci="16" mb="0" cb="0"/><line nr="181" mi="4" ci="0" mb="0" cb="0"/><line nr="182" mi="0" ci="8" mb="1" cb="1"/><line nr="183" mi="0" ci="7" mb="0" cb="2"/><line nr="186" mi="2" ci="9" mb="1" cb="1"/><line nr="187" mi="0" ci="5" mb="1" cb="1"/><line nr="188" mi="5" ci="0" mb="0" cb="0"/><line nr="189" mi="13" ci="0" mb="0" cb="0"/><line nr="191" mi="0" ci="4" mb="0" cb="0"/><line nr="193" mi="0" ci="2" mb="0" cb="0"/><line nr="197" mi="0" ci="3" mb="0" cb="0"/><line nr="204" mi="0" ci="4" mb="0" cb="0"/><line nr="205" mi="0" ci="8" mb="0" cb="0"/><line nr="206" mi="0" ci="6" mb="2" cb="2"/><line nr="207" mi="9" ci="0" mb="0" cb="0"/><line nr="209" mi="0" ci="7" mb="0" cb="0"/><line nr="210" mi="1" ci="0" mb="0" cb="0"/><line nr="211" mi="2" ci="0" mb="0" cb="0"/><line nr="212" mi="2" ci="0" mb="0" cb="0"/><line nr="217" mi="0" ci="5" mb="0" cb="0"/><line nr="218" mi="0" ci="5" mb="0" cb="0"/><line nr="219" mi="0" ci="1" mb="0" cb="0"/><line nr="222" mi="7" ci="0" mb="0" cb="0"/><line nr="223" mi="1" ci="0" mb="0" cb="0"/><line nr="226" mi="0" ci="2" mb="1" cb="1"/><line nr="227" mi="0" ci="5" mb="0" cb="0"/><line nr="228" mi="0" ci="7" mb="0" cb="0"/><line nr="229" mi="0" ci="4" mb="1" cb="1"/><line nr="230" mi="3" ci="0" mb="0" cb="0"/><line nr="231" mi="0" ci="3" mb="1" cb="1"/><line nr="232" mi="0" ci="6" mb="0" cb="0"/><line nr="233" mi="0" ci="4" mb="1" cb="1"/><line nr="234" mi="0" ci="4" mb="0" cb="0"/><line nr="235" mi="0" ci="7" mb="0" cb="0"/><line nr="236" mi="0" ci="11" mb="0" cb="0"/><line nr="238" mi="3" ci="0" mb="0" cb="0"/><line nr="239" mi="7" ci="0" mb="0" cb="0"/><line nr="242" mi="0" ci="13" mb="0" cb="0"/><line nr="243" mi="0" ci="1" mb="0" cb="0"/><line nr="246" mi="7" ci="0" mb="0" cb="0"/><line nr="247" mi="4" ci="0" mb="2" cb="0"/><line nr="248" mi="7" ci="0" mb="0" cb="0"/><line nr="250" mi="4" ci="0" mb="0" cb="0"/><line nr="251" mi="5" ci="0" mb="0" cb="0"/><line nr="252" mi="5" ci="0" mb="0" cb="0"/><line nr="253" mi="5" ci="0" mb="0" cb="0"/><line nr="254" mi="5" ci="0" mb="0" cb="0"/><line nr="255" mi="5" ci="0" mb="0" cb="0"/><line nr="257" mi="31" ci="0" mb="0" cb="0"/><line nr="259" mi="7" ci="0" mb="0" cb="0"/><line nr="260" mi="23" ci="0" mb="0" cb="0"/><line nr="262" mi="7" ci="0" mb="0" cb="0"/><line nr="263" mi="7" ci="0" mb="0" cb="0"/><line nr="264" mi="14" ci="0" mb="0" cb="0"/><line nr="265" mi="1" ci="0" mb="0" cb="0"/><line nr="267" mi="4" ci="0" mb="0" cb="0"/><line nr="268" mi="1" ci="0" mb="0" cb="0"/><line nr="270" mi="3" ci="0" mb="0" cb="0"/><line nr="271" mi="1" ci="0" mb="0" cb="0"/><line nr="274" mi="0" ci="3" mb="0" cb="0"/><line nr="275" mi="0" ci="6" mb="0" cb="0"/><line nr="276" mi="0" ci="6" mb="0" cb="0"/><line nr="277" mi="0" ci="6" mb="0" cb="0"/><line nr="278" mi="0" ci="10" mb="0" cb="0"/><line nr="279" mi="0" ci="3" mb="0" cb="0"/><line nr="280" mi="0" ci="1" mb="0" cb="0"/><line nr="284" mi="0" ci="2" mb="0" cb="0"/><line nr="285" mi="0" ci="4" mb="0" cb="0"/><line nr="286" mi="0" ci="1" mb="0" cb="0"/><line nr="290" mi="0" ci="2" mb="0" cb="0"/><line nr="291" mi="0" ci="4" mb="1" cb="1"/><line nr="292" mi="0" ci="22" mb="0" cb="0"/><line nr="293" mi="0" ci="3" mb="0" cb="0"/><line nr="294" mi="0" ci="3" mb="0" cb="0"/><line nr="296" mi="0" ci="1" mb="0" cb="0"/><counter type="INSTRUCTION" missed="353" covered="532"/><counter type="BRANCH" missed="28" covered="22"/><counter type="LINE" missed="61" covered="95"/><counter type="COMPLEXITY" missed="34" covered="15"/><counter type="METHOD" missed="10" covered="13"/><counter type="CLASS" missed="2" covered="4"/></sourcefile><sourcefile name="ViewEpisode.java"><line nr="32" mi="0" ci="2" mb="0" cb="0"/><line nr="34" mi="0" ci="18" mb="0" cb="0"/><line nr="42" mi="0" ci="3" mb="0" cb="0"/><line nr="43" mi="0" ci="5" mb="0" cb="0"/><line nr="44" mi="0" ci="5" mb="0" cb="0"/><line nr="45" mi="0" ci="5" mb="0" cb="0"/><line nr="47" mi="0" ci="5" mb="0" cb="0"/><line nr="50" mi="0" ci="4" mb="0" cb="0"/><line nr="54" mi="0" ci="4" mb="0" cb="0"/><line nr="55" mi="0" ci="3" mb="0" cb="0"/><line nr="56" mi="0" ci="3" mb="0" cb="0"/><line nr="57" mi="0" ci="4" mb="0" cb="0"/><line nr="58" mi="0" ci="4" mb="0" cb="0"/><line nr="59" mi="0" ci="4" mb="0" cb="0"/><line nr="60" mi="0" ci="6" mb="0" cb="0"/><line nr="61" mi="0" ci="6" mb="0" cb="0"/><line nr="62" mi="0" ci="6" mb="0" cb="0"/><line nr="64" mi="0" ci="17" mb="0" cb="0"/><line nr="66" mi="0" ci="5" mb="0" cb="0"/><line nr="67" mi="0" ci="3" mb="0" cb="0"/><line nr="68" mi="0" ci="5" mb="2" cb="2"/><line nr="69" mi="0" ci="4" mb="0" cb="0"/><line nr="70" mi="0" ci="4" mb="0" cb="0"/><line nr="71" mi="0" ci="4" mb="0" cb="0"/><line nr="72" mi="0" ci="4" mb="0" cb="0"/><line nr="73" mi="0" ci="4" mb="0" cb="0"/><line nr="74" mi="0" ci="4" mb="0" cb="0"/><line nr="75" mi="0" ci="4" mb="0" cb="0"/><line nr="76" mi="0" ci="4" mb="0" cb="0"/><line nr="78" mi="0" ci="4" mb="0" cb="0"/><line nr="79" mi="0" ci="8" mb="2" cb="2"/><line nr="81" mi="0" ci="5" mb="0" cb="0"/><line nr="82" mi="0" ci="5" mb="0" cb="0"/><line nr="83" mi="1" ci="0" mb="0" cb="0"/><line nr="84" mi="5" ci="0" mb="0" cb="0"/><line nr="85" mi="1" ci="1" mb="0" cb="0"/><line nr="87" mi="2" ci="0" mb="0" cb="0"/><line nr="90" mi="0" ci="5" mb="0" cb="0"/><line nr="91" mi="0" ci="5" mb="0" cb="0"/><line nr="92" mi="0" ci="5" mb="0" cb="0"/><line nr="93" mi="0" ci="4" mb="0" cb="0"/><line nr="94" mi="0" ci="4" mb="0" cb="0"/><line nr="95" mi="0" ci="5" mb="0" cb="0"/><line nr="96" mi="0" ci="6" mb="0" cb="0"/><line nr="97" mi="0" ci="2" mb="0" cb="0"/><line nr="99" mi="0" ci="10" mb="0" cb="0"/><line nr="100" mi="2" ci="19" mb="1" cb="1"/><line nr="101" mi="1" ci="11" mb="1" cb="1"/><line nr="103" mi="0" ci="5" mb="0" cb="0"/><line nr="104" mi="0" ci="4" mb="0" cb="0"/><line nr="106" mi="0" ci="5" mb="0" cb="0"/><line nr="107" mi="0" ci="12" mb="3" cb="3"/><line nr="108" mi="12" ci="0" mb="0" cb="0"/><line nr="109" mi="14" ci="0" mb="2" cb="0"/><line nr="110" mi="0" ci="5" mb="1" cb="1"/><line nr="111" mi="0" ci="6" mb="0" cb="0"/><line nr="113" mi="12" ci="0" mb="0" cb="0"/><line nr="114" mi="0" ci="4" mb="0" cb="0"/><line nr="116" mi="0" ci="5" mb="0" cb="0"/><line nr="117" mi="2" ci="8" mb="1" cb="1"/><line nr="118" mi="0" ci="3" mb="0" cb="0"/><line nr="119" mi="0" ci="16" mb="0" cb="0"/><line nr="121" mi="6" ci="0" mb="2" cb="0"/><line nr="122" mi="10" ci="0" mb="0" cb="0"/><line nr="124" mi="5" ci="0" mb="0" cb="0"/><line nr="125" mi="6" ci="0" mb="0" cb="0"/><line nr="126" mi="6" ci="0" mb="0" cb="0"/><line nr="127" mi="6" ci="0" mb="0" cb="0"/><line nr="128" mi="6" ci="0" mb="0" cb="0"/><line nr="129" mi="6" ci="0" mb="0" cb="0"/><line nr="131" mi="30" ci="0" mb="0" cb="0"/><line nr="133" mi="8" ci="0" mb="0" cb="0"/><line nr="134" mi="26" ci="0" mb="0" cb="0"/><line nr="136" mi="8" ci="0" mb="0" cb="0"/><line nr="137" mi="8" ci="0" mb="0" cb="0"/><line nr="138" mi="13" ci="0" mb="0" cb="0"/><line nr="139" mi="16" ci="0" mb="2" cb="0"/><line nr="140" mi="9" ci="0" mb="0" cb="0"/><line nr="141" mi="1" ci="0" mb="0" cb="0"/><line nr="143" mi="5" ci="0" mb="0" cb="0"/><line nr="144" mi="1" ci="0" mb="0" cb="0"/><line nr="147" mi="4" ci="0" mb="0" cb="0"/><line nr="148" mi="2" ci="0" mb="0" cb="0"/><line nr="152" mi="0" ci="8" mb="2" cb="2"/><line nr="153" mi="0" ci="5" mb="0" cb="0"/><line nr="154" mi="0" ci="3" mb="0" cb="0"/><line nr="155" mi="0" ci="3" mb="0" cb="0"/><line nr="158" mi="0" ci="8" mb="2" cb="2"/><line nr="159" mi="5" ci="0" mb="0" cb="0"/><line nr="160" mi="3" ci="0" mb="0" cb="0"/><line nr="161" mi="5" ci="0" mb="0" cb="0"/><line nr="164" mi="0" ci="20" mb="0" cb="0"/><line nr="166" mi="0" ci="3" mb="0" cb="0"/><line nr="167" mi="0" ci="5" mb="2" cb="2"/><line nr="169" mi="0" ci="7" mb="0" cb="0"/><line nr="170" mi="0" ci="3" mb="1" cb="1"/><line nr="172" mi="0" ci="2" mb="0" cb="0"/><line nr="173" mi="0" ci="4" mb="1" cb="1"/><line nr="174" mi="0" ci="5" mb="0" cb="0"/><line nr="175" mi="0" ci="11" mb="0" cb="0"/><line nr="176" mi="0" ci="4" mb="0" cb="0"/><line nr="177" mi="0" ci="4" mb="0" cb="0"/><line nr="178" mi="0" ci="4" mb="0" cb="0"/><line nr="179" mi="0" ci="3" mb="0" cb="0"/><line nr="182" mi="0" ci="20" mb="0" cb="0"/><line nr="184" mi="0" ci="3" mb="0" cb="0"/><line nr="185" mi="0" ci="5" mb="2" cb="2"/><line nr="187" mi="0" ci="7" mb="0" cb="0"/><line nr="188" mi="0" ci="3" mb="1" cb="1"/><line nr="190" mi="0" ci="2" mb="0" cb="0"/><line nr="191" mi="0" ci="4" mb="1" cb="1"/><line nr="192" mi="0" ci="5" mb="0" cb="0"/><line nr="193" mi="0" ci="11" mb="0" cb="0"/><line nr="194" mi="0" ci="4" mb="0" cb="0"/><line nr="195" mi="0" ci="4" mb="0" cb="0"/><line nr="196" mi="0" ci="4" mb="0" cb="0"/><line nr="197" mi="0" ci="3" mb="0" cb="0"/><line nr="200" mi="0" ci="20" mb="0" cb="0"/><line nr="202" mi="0" ci="3" mb="0" cb="0"/><line nr="203" mi="0" ci="5" mb="2" cb="2"/><line nr="205" mi="7" ci="0" mb="0" cb="0"/><line nr="206" mi="3" ci="0" mb="2" cb="0"/><line nr="208" mi="0" ci="2" mb="0" cb="0"/><line nr="209" mi="0" ci="4" mb="1" cb="1"/><line nr="210" mi="5" ci="0" mb="0" cb="0"/><line nr="211" mi="11" ci="0" mb="0" cb="0"/><line nr="212" mi="4" ci="0" mb="0" cb="0"/><line nr="213" mi="4" ci="0" mb="0" cb="0"/><line nr="214" mi="4" ci="0" mb="0" cb="0"/><line nr="215" mi="3" ci="0" mb="0" cb="0"/><line nr="219" mi="0" ci="7" mb="0" cb="0"/><line nr="220" mi="0" ci="7" mb="1" cb="1"/><line nr="221" mi="0" ci="3" mb="0" cb="0"/><line nr="222" mi="0" ci="1" mb="0" cb="0"/><line nr="225" mi="0" ci="5" mb="0" cb="0"/><line nr="226" mi="0" ci="4" mb="0" cb="0"/><line nr="227" mi="1" ci="26" mb="1" cb="1"/><line nr="228" mi="0" ci="6" mb="0" cb="0"/><line nr="229" mi="0" ci="7" mb="0" cb="0"/><line nr="230" mi="0" ci="7" mb="0" cb="0"/><line nr="231" mi="0" ci="5" mb="0" cb="0"/><line nr="233" mi="0" ci="4" mb="0" cb="0"/><line nr="234" mi="0" ci="3" mb="0" cb="0"/><line nr="235" mi="1" ci="0" mb="0" cb="0"/><line nr="236" mi="6" ci="0" mb="0" cb="0"/><line nr="237" mi="5" ci="0" mb="0" cb="0"/><line nr="238" mi="0" ci="1" mb="0" cb="0"/><line nr="239" mi="0" ci="1" mb="0" cb="0"/><line nr="242" mi="5" ci="0" mb="2" cb="0"/><line nr="243" mi="3" ci="0" mb="0" cb="0"/><line nr="244" mi="5" ci="0" mb="2" cb="0"/><line nr="245" mi="13" ci="0" mb="0" cb="0"/><line nr="247" mi="26" ci="0" mb="0" cb="0"/><line nr="249" mi="7" ci="0" mb="0" cb="0"/><line nr="250" mi="4" ci="0" mb="0" cb="0"/><line nr="251" mi="3" ci="0" mb="0" cb="0"/><line nr="252" mi="1" ci="0" mb="0" cb="0"/><line nr="255" mi="5" ci="0" mb="2" cb="0"/><line nr="257" mi="3" ci="0" mb="0" cb="0"/><line nr="258" mi="6" ci="0" mb="4" cb="0"/><line nr="259" mi="4" ci="0" mb="0" cb="0"/><line nr="260" mi="6" ci="0" mb="4" cb="0"/><line nr="261" mi="4" ci="0" mb="0" cb="0"/><line nr="262" mi="6" ci="0" mb="4" cb="0"/><line nr="263" mi="4" ci="0" mb="0" cb="0"/><line nr="265" mi="1" ci="0" mb="0" cb="0"/><line nr="267" mi="5" ci="0" mb="0" cb="0"/><line nr="268" mi="3" ci="0" mb="0" cb="0"/><line nr="269" mi="19" ci="0" mb="0" cb="0"/><line nr="271" mi="23" ci="0" mb="0" cb="0"/><line nr="272" mi="4" ci="0" mb="0" cb="0"/><line nr="273" mi="4" ci="0" mb="0" cb="0"/><line nr="274" mi="1" ci="0" mb="0" cb="0"/><line nr="276" mi="2" ci="0" mb="0" cb="0"/><line nr="277" mi="1" ci="0" mb="0" cb="0"/><line nr="280" mi="0" ci="2" mb="1" cb="1"/><line nr="281" mi="0" ci="5" mb="0" cb="0"/><line nr="282" mi="0" ci="5" mb="0" cb="0"/><line nr="283" mi="0" ci="3" mb="1" cb="1"/><line nr="284" mi="6" ci="0" mb="0" cb="0"/><line nr="285" mi="5" ci="0" mb="2" cb="0"/><line nr="286" mi="5" ci="0" mb="0" cb="0"/><line nr="287" mi="11" ci="0" mb="0" cb="0"/><line nr="288" mi="3" ci="0" mb="0" cb="0"/><line nr="290" mi="0" ci="3" mb="0" cb="0"/><line nr="291" mi="0" ci="3" mb="0" cb="0"/><line nr="292" mi="0" ci="3" mb="0" cb="0"/><line nr="295" mi="0" ci="10" mb="0" cb="0"/><line nr="296" mi="0" ci="1" mb="0" cb="0"/><line nr="300" mi="0" ci="2" mb="0" cb="0"/><line nr="301" mi="0" ci="4" mb="0" cb="0"/><line nr="302" mi="0" ci="1" mb="0" cb="0"/><counter type="INSTRUCTION" missed="499" covered="661"/><counter type="BRANCH" missed="58" covered="30"/><counter type="LINE" missed="73" covered="119"/><counter type="COMPLEXITY" missed="53" covered="6"/><counter type="METHOD" missed="9" covered="6"/><counter type="CLASS" missed="3" covered="2"/></sourcefile><sourcefile name="IconView.java"><line nr="11" mi="0" ci="4" mb="0" cb="0"/><line nr="12" mi="0" ci="1" mb="0" cb="0"/><line nr="16" mi="0" ci="9" mb="0" cb="0"/><line nr="17" mi="0" ci="6" mb="0" cb="0"/><line nr="18" mi="0" ci="1" mb="0" cb="0"/><counter type="INSTRUCTION" missed="0" covered="21"/><counter type="LINE" missed="0" covered="5"/><counter type="COMPLEXITY" missed="0" covered="2"/><counter type="METHOD" missed="0" covered="2"/><counter type="CLASS" missed="0" covered="1"/></sourcefile><counter type="INSTRUCTION" missed="2493" covered="2890"/><counter type="BRANCH" missed="274" covered="122"/><counter type="LINE" missed="447" covered="541"/><counter type="COMPLEXITY" missed="234" covered="82"/><counter type="METHOD" missed="50" covered="65"/><counter type="CLASS" missed="10" covered="23"/></package><counter type="INSTRUCTION" missed="10612" covered="9093"/><counter type="BRANCH" missed="1232" covered="548"/><counter type="LINE" missed="2107" covered="1659"/><counter type="COMPLEXITY" missed="1061" covered="373"/><counter type="METHOD" missed="262" covered="261"/><counter type="CLASS" missed="34" covered="56"/></report>